09-09-2017 @ 17:55:06 - Order #1089 payment status: Waiting for buyer funds...
09-09-2017 @ 19:55:08 - Order #1089 payment status: Cancelled / Timed Out
09-25-2017 @ 22:02:13 - Order #1196 payment status: Waiting for buyer funds...
09-25-2017 @ 22:05:12 - Order #1196 payment status: Waiting for confirms... (0.00508/0.00508 received with 0 confirms)
09-25-2017 @ 22:17:13 - Order #1196 payment status: Funds received and confirmed, sending to you shortly...
09-25-2017 @ 22:27:12 - Order #1196 payment status: Queued for nightly payout...
09-26-2017 @ 04:29:15 - Order #1196 payment status: Complete
10-01-2017 @ 01:42:13 - Order #1317 payment status: Waiting for buyer funds...
10-01-2017 @ 01:43:15 - Order #1317 payment status: Waiting for buyer funds...
10-01-2017 @ 01:58:12 - Order #1317 payment status: Funds received and confirmed, sending to you shortly...
10-01-2017 @ 02:07:10 - Order #1317 payment status: Queued for nightly payout...
10-01-2017 @ 07:57:16 - Order #1326 payment status: Waiting for buyer funds...
10-01-2017 @ 08:07:12 - Order #1326 payment status: Waiting for confirms... (0.00047/0.00047 received with 0 confirms)
10-01-2017 @ 09:23:11 - Order #1336 payment status: Waiting for buyer funds...
10-01-2017 @ 09:24:10 - Order #1336 payment status: Complete
10-01-2017 @ 09:31:14 - Order #1326 payment status: Funds received and confirmed, sending to you shortly...
10-01-2017 @ 09:43:10 - Order #1326 payment status: Queued for nightly payout...
10-01-2017 @ 11:16:13 - Order #1338 payment status: Waiting for buyer funds...
10-01-2017 @ 12:50:13 - Order #1340 payment status: Waiting for buyer funds...
10-01-2017 @ 13:42:15 - Order #1340 payment status: Funds received and confirmed, sending to you shortly...
10-01-2017 @ 13:47:15 - Order #1340 payment status: Complete
10-01-2017 @ 17:08:15 - Order #1500 payment status: Waiting for buyer funds...
10-01-2017 @ 17:19:11 - Order #1500 payment status: Waiting for confirms... (0.06291/0.06291 received with 0 confirms)
10-01-2017 @ 17:27:11 - Order #1500 payment status: Funds received and confirmed, sending to you shortly...
10-01-2017 @ 17:32:15 - Order #1500 payment status: Queued for nightly payout...
10-02-2017 @ 05:33:25 - Order #1317 payment status: Cancelled / Timed Out
10-02-2017 @ 06:25:14 - Order #1519 payment status: Waiting for buyer funds...
10-02-2017 @ 06:26:12 - Order #1519 payment status: Complete
10-02-2017 @ 07:37:11 - Order #1522 payment status: Waiting for buyer funds...
10-02-2017 @ 07:50:11 - Order #1522 payment status: Funds received and confirmed, sending to you shortly...
10-02-2017 @ 07:56:16 - Order #1522 payment status: Complete
10-02-2017 @ 14:48:13 - Order #1338 payment status: Cancelled / Timed Out
10-02-2017 @ 19:54:10 - Order #1528 payment status: Waiting for buyer funds...
10-02-2017 @ 20:18:13 - Order #1528 payment status: Funds received and confirmed, sending to you shortly...
10-02-2017 @ 20:23:16 - Order #1528 payment status: Queued for nightly payout...
10-03-2017 @ 00:39:15 - Order #1530 payment status: Waiting for buyer funds...
10-03-2017 @ 00:52:13 - Order #1530 payment status: Waiting for confirms... (0.3756/0.3756 received with 1 confirms)
10-03-2017 @ 01:00:17 - Order #1530 payment status: Funds received and confirmed, sending to you shortly...
10-03-2017 @ 01:05:13 - Order #1530 payment status: Queued for nightly payout...
10-03-2017 @ 03:06:19 - Order #1531 payment status: Waiting for buyer funds...
10-03-2017 @ 04:14:14 - Order #1326 payment status: Complete
10-03-2017 @ 04:16:12 - Order #1528 payment status: Complete
10-03-2017 @ 04:16:12 - Order #1317 payment status: Complete
10-03-2017 @ 04:16:15 - Order #1500 payment status: Complete
10-03-2017 @ 04:16:15 - Order #1530 payment status: Complete
10-03-2017 @ 14:49:13 - Order #1532 payment status: Waiting for buyer funds...
10-03-2017 @ 14:49:13 - Order #1532 payment status: Waiting for buyer funds...
10-03-2017 @ 14:55:13 - Order #1532 payment status: Waiting for buyer funds...
10-03-2017 @ 14:56:12 - Order #1532 payment status: Complete
10-04-2017 @ 02:47:21 - Order #1540 payment status: Waiting for buyer funds...
10-04-2017 @ 02:52:20 - Order #1540 payment status: Waiting for buyer funds...
10-04-2017 @ 16:45:15 - Order #1545 payment status: Waiting for buyer funds...
10-04-2017 @ 16:46:16 - Order #1545 payment status: Waiting for buyer funds...
10-04-2017 @ 16:49:26 - Order #1545 payment status: Complete
10-04-2017 @ 17:23:20 - Order #1532 payment status: Cancelled / Timed Out
10-04-2017 @ 17:23:21 - Order #1532 payment status: Cancelled / Timed Out
10-04-2017 @ 20:09:19 - Order #1546 payment status: Waiting for buyer funds...
10-04-2017 @ 20:27:12 - Order #1546 payment status: Waiting for confirms... (39.1447/39.1447 received with 2 confirms)
10-04-2017 @ 20:37:16 - Order #1546 payment status: Funds received and confirmed, sending to you shortly...
10-04-2017 @ 20:42:15 - Order #1546 payment status: Queued for nightly payout...
10-05-2017 @ 02:13:19 - Order #1551 payment status: Waiting for buyer funds...
10-05-2017 @ 02:15:20 - Order #1551 payment status: Complete
10-05-2017 @ 02:26:18 - Order #1552 payment status: Waiting for buyer funds...
10-05-2017 @ 02:27:19 - Order #1552 payment status: Complete
10-05-2017 @ 04:06:22 - Order #1546 payment status: Complete
10-05-2017 @ 07:16:20 - Order #1555 payment status: Waiting for buyer funds...
10-05-2017 @ 07:17:14 - Order #1555 payment status: Complete
10-05-2017 @ 11:10:20 - Order #1556 payment status: Waiting for buyer funds...
10-05-2017 @ 11:11:18 - Order #1556 payment status: Complete
10-05-2017 @ 19:20:18 - Order #1557 payment status: Waiting for buyer funds...
10-05-2017 @ 19:24:13 - Order #1557 payment status: Waiting for confirms... (0.05543/0.05543 received with 0 confirms)
10-05-2017 @ 19:36:20 - Order #1557 payment status: Funds received and confirmed, sending to you shortly...
10-05-2017 @ 19:41:21 - Order #1557 payment status: Queued for nightly payout...
10-06-2017 @ 04:05:18 - Order #1557 payment status: Complete
10-06-2017 @ 20:39:17 - Order #1561 payment status: Waiting for buyer funds...
10-06-2017 @ 20:45:20 - Order #1561 payment status: Waiting for confirms... (0.00462/0.00462 received with 0 confirms)
10-06-2017 @ 20:53:16 - Order #1561 payment status: Funds received and confirmed, sending to you shortly...
10-06-2017 @ 20:58:21 - Order #1561 payment status: Queued for nightly payout...
10-06-2017 @ 21:47:15 - Order #1564 payment status: Waiting for buyer funds...
10-06-2017 @ 22:22:22 - Order #1564 payment status: Waiting for buyer funds... (0.03675946/0.38571 received with 0 confirms)
10-06-2017 @ 22:26:16 - Order #1564 payment status: Waiting for buyer funds... (0.03675946/0.38571 received with 3 confirms)
10-06-2017 @ 22:29:21 - Order #1564 payment status: Waiting for confirms... (0.38466/0.38466 received with 0 confirms)
10-06-2017 @ 22:36:17 - Order #1564 payment status: Waiting for confirms... (0.38466/0.38466 received with 2 confirms)
10-06-2017 @ 22:40:19 - Order #1564 payment status: Funds received and confirmed, sending to you shortly...
10-06-2017 @ 22:45:21 - Order #1564 payment status: Queued for nightly payout...
10-06-2017 @ 23:40:15 - Order #1565 payment status: Waiting for buyer funds...
10-07-2017 @ 00:03:16 - Order #1565 payment status: Waiting for confirms... (0.04584/0.04584 received with 0 confirms)
10-07-2017 @ 00:11:20 - Order #1565 payment status: Funds received and confirmed, sending to you shortly...
10-07-2017 @ 00:16:20 - Order #1565 payment status: Queued for nightly payout...
10-07-2017 @ 00:24:21 - Order #1564 payment status: Cancelled / Timed Out
10-07-2017 @ 04:07:17 - Order #1565 payment status: Complete
10-07-2017 @ 04:07:18 - Order #1561 payment status: Complete
10-07-2017 @ 04:09:16 - Order #1564 payment status: Complete
10-07-2017 @ 06:23:21 - Order #1566 payment status: Waiting for buyer funds...
10-07-2017 @ 06:30:20 - Order #1566 payment status: Complete
10-07-2017 @ 06:42:19 - Order #1566 payment status: Complete
10-07-2017 @ 18:00:18 - Order #1567 payment status: Waiting for buyer funds...
10-07-2017 @ 18:03:22 - Order #1567 payment status: Complete
10-07-2017 @ 19:06:15 - Order #1569 payment status: Waiting for buyer funds...
10-07-2017 @ 20:38:20 - Order #1590 payment status: Waiting for buyer funds...
10-07-2017 @ 21:09:16 - Order #1569 payment status: Cancelled / Timed Out
10-07-2017 @ 21:10:20 - Order #1590 payment status: Funds received and confirmed, sending to you shortly...
10-07-2017 @ 21:20:22 - Order #1590 payment status: Complete
10-07-2017 @ 21:32:22 - Order #1590 payment status: Complete
10-07-2017 @ 23:05:23 - Order #1597 payment status: Waiting for buyer funds...
10-07-2017 @ 23:24:22 - Order #1597 payment status: Funds received and confirmed, sending to you shortly...
10-07-2017 @ 23:32:22 - Order #1597 payment status: Complete
10-07-2017 @ 23:44:20 - Order #1597 payment status: Complete
10-10-2017 @ 13:38:15 - Order #1646 payment status: Waiting for buyer funds...
10-10-2017 @ 16:06:16 - Order #1648 payment status: Waiting for buyer funds...
10-10-2017 @ 16:18:15 - Order #1648 payment status: Waiting for confirms... (0.29575/0.29575 received with 0 confirms)
10-10-2017 @ 16:25:21 - Order #1648 payment status: Waiting for confirms... (0.29575/0.29575 received with 1 confirms)
10-10-2017 @ 16:29:14 - Order #1648 payment status: Funds received and confirmed, sending to you shortly...
10-10-2017 @ 16:35:20 - Order #1648 payment status: Queued for nightly payout...
10-10-2017 @ 18:34:15 - Order #1649 payment status: Waiting for buyer funds...
10-10-2017 @ 18:55:15 - Order #1649 payment status: Funds received and confirmed, sending to you shortly...
10-10-2017 @ 19:12:22 - Order #1649 payment status: Complete
10-11-2017 @ 01:00:22 - Order #1650 payment status: Waiting for buyer funds...
10-11-2017 @ 01:04:22 - Order #1650 payment status: Complete
10-11-2017 @ 04:05:23 - Order #1648 payment status: Complete
10-11-2017 @ 16:45:22 - Order #1646 payment status: Cancelled / Timed Out
10-11-2017 @ 22:01:23 - Order #1651 payment status: Waiting for buyer funds...
10-11-2017 @ 22:14:22 - Order #1651 payment status: Waiting for confirms... (0.02081/0.02081 received with 0 confirms)
10-11-2017 @ 22:18:23 - Order #1651 payment status: Funds received and confirmed, sending to you shortly...
10-11-2017 @ 22:24:23 - Order #1651 payment status: Queued for nightly payout...
10-12-2017 @ 04:13:21 - Order #1651 payment status: Complete
10-14-2017 @ 15:41:25 - Order #1658 payment status: Waiting for buyer funds...
10-14-2017 @ 15:42:17 - Order #1658 payment status: Complete
10-16-2017 @ 09:24:25 - Order #1659 payment status: Waiting for buyer funds...
10-16-2017 @ 09:57:19 - Order #1660 payment status: Waiting for buyer funds...
10-16-2017 @ 09:58:19 - Order #1660 payment status: Complete
10-16-2017 @ 11:27:18 - Order #1659 payment status: Cancelled / Timed Out
10-16-2017 @ 21:37:27 - Order #1662 payment status: Waiting for confirms... (0.03269/0.03269 received with 0 confirms)
10-16-2017 @ 21:49:27 - Order #1662 payment status: Funds received and confirmed, sending to you shortly...
10-16-2017 @ 21:56:31 - Order #1662 payment status: Queued for nightly payout...
10-17-2017 @ 04:11:21 - Order #1662 payment status: Complete
10-17-2017 @ 17:31:33 - Order #1666 payment status: Waiting for buyer funds...
10-17-2017 @ 19:40:29 - Order #1666 payment status: Cancelled / Timed Out
10-23-2017 @ 09:14:28 - Order #1686 payment status: Waiting for buyer funds...
10-23-2017 @ 15:06:27 - Order #1687 payment status: Waiting for buyer funds...
10-23-2017 @ 16:48:29 - Order #1689 payment status: Waiting for buyer funds...
10-23-2017 @ 16:49:25 - Order #1689 payment status: Waiting for confirms... (0.00865/0.00865 received with 0 confirms)
10-23-2017 @ 16:57:27 - Order #1689 payment status: Funds received and confirmed, sending to you shortly...
10-23-2017 @ 17:03:27 - Order #1689 payment status: Queued for nightly payout...
10-23-2017 @ 17:09:21 - Order #1690 payment status: Waiting for buyer funds...
10-23-2017 @ 17:10:27 - Order #1690 payment status: Complete
10-23-2017 @ 17:15:25 - Order #1691 payment status: Waiting for buyer funds...
10-23-2017 @ 17:16:28 - Order #1691 payment status: Complete
10-23-2017 @ 17:17:28 - Order #1691 payment status: Complete
10-23-2017 @ 22:08:29 - Order #1693 payment status: Waiting for buyer funds...
10-23-2017 @ 23:54:27 - Order #1695 payment status: Waiting for buyer funds...
10-24-2017 @ 00:01:28 - Order #1695 payment status: Waiting for confirms... (0.01702/0.01702 received with 0 confirms)
10-24-2017 @ 00:09:25 - Order #1695 payment status: Funds received and confirmed, sending to you shortly...
10-24-2017 @ 00:15:30 - Order #1695 payment status: Queued for nightly payout...
10-24-2017 @ 02:59:25 - Order #1696 payment status: Waiting for buyer funds...
10-24-2017 @ 03:16:26 - Order #1696 payment status: Funds received and confirmed, sending to you shortly...
10-24-2017 @ 03:25:28 - Order #1696 payment status: Complete
10-24-2017 @ 04:11:26 - Order #1695 payment status: Complete
10-24-2017 @ 04:11:26 - Order #1689 payment status: Complete
10-24-2017 @ 05:25:27 - Order #1697 payment status: Waiting for buyer funds...
10-24-2017 @ 05:29:27 - Order #1697 payment status: Waiting for confirms... (0.04431/0.04431 received with 0 confirms)
10-24-2017 @ 05:39:23 - Order #1697 payment status: Funds received and confirmed, sending to you shortly...
10-24-2017 @ 05:45:27 - Order #1697 payment status: Queued for nightly payout...
10-24-2017 @ 07:49:27 - Order #1698 payment status: Waiting for buyer funds...
10-24-2017 @ 08:02:28 - Order #1698 payment status: Funds received and confirmed, sending to you shortly...
10-24-2017 @ 08:10:28 - Order #1698 payment status: Complete
10-24-2017 @ 12:16:31 - Order #1686 payment status: Cancelled / Timed Out
10-24-2017 @ 15:06:22 - Order #1699 payment status: Waiting for buyer funds...
10-24-2017 @ 15:38:30 - Order #1700 payment status: Waiting for buyer funds...
10-24-2017 @ 15:43:26 - Order #1700 payment status: Waiting for confirms... (0.02648/0.02648 received with 0 confirms)
10-24-2017 @ 15:53:26 - Order #1700 payment status: Funds received and confirmed, sending to you shortly...
10-24-2017 @ 15:59:19 - Order #1700 payment status: Queued for nightly payout...
10-25-2017 @ 04:08:29 - Order #1700 payment status: Complete
10-25-2017 @ 04:08:29 - Order #1697 payment status: Complete
10-25-2017 @ 11:03:28 - Order #1701 payment status: Waiting for buyer funds...
10-25-2017 @ 11:14:29 - Order #1701 payment status: Funds received and confirmed, sending to you shortly...
10-25-2017 @ 11:22:27 - Order #1701 payment status: Complete
10-25-2017 @ 19:23:26 - Order #1706 payment status: Waiting for buyer funds...
10-25-2017 @ 19:24:27 - Order #1706 payment status: Waiting for buyer funds...
10-25-2017 @ 19:25:29 - Order #1706 payment status: Complete
10-25-2017 @ 19:26:23 - Order #1706 payment status: Complete
10-25-2017 @ 19:45:26 - Order #1707 payment status: Waiting for buyer funds...
10-25-2017 @ 19:46:29 - Order #1707 payment status: Complete
10-25-2017 @ 19:58:26 - Order #1708 payment status: Waiting for buyer funds...
10-25-2017 @ 20:06:27 - Order #1709 payment status: Waiting for buyer funds...
10-25-2017 @ 20:08:27 - Order #1709 payment status: Complete
10-25-2017 @ 20:20:15 - Order #1709 payment status: Complete
10-25-2017 @ 20:23:27 - Order #1708 payment status: Waiting for buyer funds... (0.01712/0.01802 received with 1 confirms)
10-25-2017 @ 20:45:29 - Order #1708 payment status: Funds received and confirmed, sending to you shortly...
10-25-2017 @ 20:51:27 - Order #1708 payment status: Queued for nightly payout...
10-26-2017 @ 04:08:29 - Order #1708 payment status: Complete
10-26-2017 @ 04:51:28 - Order #1710 payment status: Waiting for buyer funds...
10-26-2017 @ 06:26:29 - Order #1710 payment status: Funds received and confirmed, sending to you shortly...
10-26-2017 @ 06:36:28 - Order #1710 payment status: Complete
10-26-2017 @ 20:16:25 - Order #1714 payment status: Waiting for buyer funds...
10-26-2017 @ 21:58:28 - Order #1715 payment status: Waiting for buyer funds...
10-26-2017 @ 22:28:22 - Order #1715 payment status: Complete
10-26-2017 @ 22:39:29 - Order #1719 payment status: Waiting for buyer funds...
10-26-2017 @ 22:40:27 - Order #1715 payment status: Complete
10-26-2017 @ 22:41:25 - Order #1719 payment status: Waiting for buyer funds...
10-26-2017 @ 22:41:26 - Order #1722 payment status: Waiting for buyer funds...
10-26-2017 @ 22:42:25 - Order #1722 payment status: Complete
10-26-2017 @ 22:54:27 - Order #1722 payment status: Complete
10-27-2017 @ 01:43:27 - Order #1719 payment status: Waiting for confirms... (0.04269/0.04269 received with 1 confirms)
10-27-2017 @ 01:56:30 - Order #1719 payment status: Funds received and confirmed, sending to you shortly...
10-27-2017 @ 02:02:28 - Order #1719 payment status: Queued for nightly payout...
10-27-2017 @ 02:14:30 - Order #1719 payment status: Queued for nightly payout...
10-27-2017 @ 04:04:28 - Order #1719 payment status: Complete
10-27-2017 @ 16:11:26 - Order #1724 payment status: Waiting for buyer funds...
10-27-2017 @ 16:22:28 - Order #1724 payment status: Funds received and confirmed, sending to you shortly...
10-27-2017 @ 16:28:20 - Order #1724 payment status: Queued for nightly payout...
10-27-2017 @ 16:36:26 - Order #1724 payment status: Waiting for buyer funds...
10-27-2017 @ 16:59:25 - Order #1725 payment status: Waiting for buyer funds...
10-27-2017 @ 17:00:27 - Order #1725 payment status: Complete
10-27-2017 @ 18:38:27 - Order #1724 payment status: Cancelled / Timed Out
10-27-2017 @ 23:20:29 - Order #1714 payment status: Cancelled / Timed Out
10-28-2017 @ 01:43:28 - Order #1719 payment status: Cancelled / Timed Out
10-28-2017 @ 04:10:23 - Order #1724 payment status: Complete
10-28-2017 @ 08:13:28 - Order #1728 payment status: Waiting for buyer funds...
10-28-2017 @ 08:15:24 - Order #1728 payment status: Complete
10-28-2017 @ 08:27:25 - Order #1728 payment status: Complete
10-28-2017 @ 11:31:27 - Order #1729 payment status: Waiting for buyer funds...
10-28-2017 @ 11:50:26 - Order #1729 payment status: Waiting for confirms... (2.18144/2.18144 received with 0 confirms)
10-28-2017 @ 11:54:25 - Order #1729 payment status: Funds received and confirmed, sending to you shortly...
10-28-2017 @ 12:00:25 - Order #1729 payment status: Queued for nightly payout...
10-29-2017 @ 04:10:27 - Order #1729 payment status: Complete
10-30-2017 @ 03:28:27 - Order #1733 payment status: Waiting for buyer funds...
10-30-2017 @ 03:35:18 - Order #1733 payment status: Waiting for buyer funds...
10-30-2017 @ 12:25:22 - Order #1734 payment status: Waiting for buyer funds...
10-30-2017 @ 12:30:25 - Order #1734 payment status: Waiting for buyer funds...
10-30-2017 @ 12:42:17 - Order #1735 payment status: Waiting for buyer funds...
10-30-2017 @ 12:43:18 - Order #1735 payment status: Complete
10-30-2017 @ 12:55:23 - Order #1735 payment status: Complete
10-30-2017 @ 19:44:25 - Order #1737 payment status: Waiting for buyer funds...
10-30-2017 @ 19:53:27 - Order #1737 payment status: Complete
10-30-2017 @ 20:05:22 - Order #1737 payment status: Complete
10-31-2017 @ 06:59:27 - Order #1733 payment status: Cancelled / Timed Out
11-17-2017 @ 17:57:12 - Order #1744 payment status: Waiting for buyer funds...
11-17-2017 @ 18:09:15 - Order #1744 payment status: Waiting for confirms... (0.02554/0.02554 received with 0 confirms)
11-17-2017 @ 18:26:10 - Order #1744 payment status: Waiting for confirms... (0.02554/0.02554 received with 1 confirms)
11-17-2017 @ 18:31:11 - Order #1744 payment status: Funds received and confirmed, sending to you shortly...
11-17-2017 @ 18:37:14 - Order #1744 payment status: Queued for nightly payout...
11-17-2017 @ 18:49:13 - Order #1744 payment status: Queued for nightly payout...
11-18-2017 @ 05:05:14 - Order #1744 payment status: Complete
