2017-10-01T00:48:05+00:00 DEBUG ---[ New Import ] PHP Memory: 256 MB, WP Memory: 256 MB
2017-10-01T00:48:05+00:00 DEBUG Parsing products CSV.
2017-10-01T00:48:05+00:00 DEBUG Finished parsing products CSV.
2017-10-01T00:48:05+00:00 DEBUG ---
2017-10-01T00:48:05+00:00 DEBUG Processing orders.
2017-10-01T00:48:05+00:00 DEBUG ---
2017-10-01T00:48:05+00:00 DEBUG Processing orders.
2017-10-01T00:48:07+00:00 DEBUG > &#8220;Order &ndash; October 1, 2017 @ 12:48 AM&#8221;Order Imported Successfully.
2017-10-01T00:48:07+00:00 DEBUG > Finished importing order 1255
2017-10-01T00:48:07+00:00 DEBUG Finished processing orders.
2017-10-01T00:48:07+00:00 DEBUG ---
2017-10-01T00:48:07+00:00 DEBUG Processing orders.
2017-10-01T00:48:09+00:00 DEBUG > &#8220;Order &ndash; October 1, 2017 @ 12:48 AM&#8221;Order Imported Successfully.
2017-10-01T00:48:09+00:00 DEBUG > Finished importing order 1256
2017-10-01T00:48:09+00:00 DEBUG Finished processing orders.
2017-10-01T00:48:09+00:00 DEBUG ---
2017-10-01T00:48:09+00:00 DEBUG Processing orders.
2017-10-01T00:48:09+00:00 DEBUG > &#8220;Order &ndash; October 1, 2017 @ 12:48 AM&#8221;Order Imported Successfully.
2017-10-01T00:48:09+00:00 DEBUG > Finished importing order 1257
2017-10-01T00:48:09+00:00 DEBUG Finished processing orders.
2017-10-01T00:48:09+00:00 DEBUG ---
2017-10-01T00:48:09+00:00 DEBUG Processing orders.
2017-10-01T00:48:10+00:00 DEBUG > &#8220;Order &ndash; October 1, 2017 @ 12:48 AM&#8221;Order Imported Successfully.
2017-10-01T00:48:10+00:00 DEBUG > Finished importing order 1258
2017-10-01T00:48:10+00:00 DEBUG Finished processing orders.
2017-10-01T00:48:10+00:00 DEBUG ---
2017-10-01T00:48:10+00:00 DEBUG Processing orders.
2017-10-01T00:48:11+00:00 DEBUG > &#8220;Order &ndash; October 1, 2017 @ 12:48 AM&#8221;Order Imported Successfully.
2017-10-01T00:48:11+00:00 DEBUG > Finished importing order 1259
2017-10-01T00:48:11+00:00 DEBUG Finished processing orders.
2017-10-01T00:48:11+00:00 DEBUG ---
2017-10-01T00:48:11+00:00 DEBUG Processing orders.
2017-10-01T00:48:12+00:00 DEBUG > &#8220;Order &ndash; October 1, 2017 @ 12:48 AM&#8221;Order Imported Successfully.
2017-10-01T00:48:12+00:00 DEBUG > Finished importing order 1260
2017-10-01T00:48:12+00:00 DEBUG Finished processing orders.
2017-10-01T00:48:12+00:00 DEBUG ---
2017-10-01T00:48:12+00:00 DEBUG Processing orders.
2017-10-01T00:48:13+00:00 DEBUG > &#8220;Order &ndash; October 1, 2017 @ 12:48 AM&#8221;Order Imported Successfully.
2017-10-01T00:48:13+00:00 DEBUG > Finished importing order 1261
2017-10-01T00:48:13+00:00 DEBUG Finished processing orders.
2017-10-01T00:48:13+00:00 DEBUG ---
2017-10-01T00:48:13+00:00 DEBUG Processing orders.
2017-10-01T00:48:14+00:00 DEBUG > &#8220;Order &ndash; October 1, 2017 @ 12:48 AM&#8221;Order Imported Successfully.
2017-10-01T00:48:14+00:00 DEBUG > Finished importing order 1262
2017-10-01T00:48:14+00:00 DEBUG Finished processing orders.
2017-10-01T00:48:14+00:00 DEBUG ---
2017-10-01T00:48:14+00:00 DEBUG Processing orders.
2017-10-01T00:48:14+00:00 DEBUG > &#8220;Order &ndash; October 1, 2017 @ 12:48 AM&#8221;Order Imported Successfully.
2017-10-01T00:48:14+00:00 DEBUG > Finished importing order 1263
2017-10-01T00:48:14+00:00 DEBUG Finished processing orders.
2017-10-01T00:48:14+00:00 DEBUG Finished processing Orders.
2017-10-01T00:48:16+00:00 DEBUG ---[ New Import ] PHP Memory: 256 MB, WP Memory: 256 MB
2017-10-01T00:48:16+00:00 DEBUG Parsing products CSV.
2017-10-01T00:48:16+00:00 DEBUG Finished parsing products CSV.
2017-10-01T00:48:16+00:00 DEBUG ---
2017-10-01T00:48:16+00:00 DEBUG Processing orders.
2017-10-01T00:48:16+00:00 DEBUG ---
2017-10-01T00:48:16+00:00 DEBUG Processing orders.
2017-10-01T00:48:17+00:00 DEBUG > &#8220;Order &ndash; October 1, 2017 @ 12:48 AM&#8221;Order Imported Successfully.
2017-10-01T00:48:17+00:00 DEBUG > Finished importing order 1264
2017-10-01T00:48:17+00:00 DEBUG Finished processing orders.
2017-10-01T00:48:17+00:00 DEBUG ---
2017-10-01T00:48:17+00:00 DEBUG Processing orders.
2017-10-01T00:48:18+00:00 DEBUG > &#8220;Order &ndash; October 1, 2017 @ 12:48 AM&#8221;Order Imported Successfully.
2017-10-01T00:48:18+00:00 DEBUG > Finished importing order 1265
2017-10-01T00:48:18+00:00 DEBUG Finished processing orders.
2017-10-01T00:48:18+00:00 DEBUG ---
2017-10-01T00:48:18+00:00 DEBUG Processing orders.
2017-10-01T00:48:19+00:00 DEBUG > &#8220;Order &ndash; October 1, 2017 @ 12:48 AM&#8221;Order Imported Successfully.
2017-10-01T00:48:19+00:00 DEBUG > Finished importing order 1266
2017-10-01T00:48:19+00:00 DEBUG Finished processing orders.
2017-10-01T00:48:19+00:00 DEBUG ---
2017-10-01T00:48:19+00:00 DEBUG Processing orders.
2017-10-01T00:48:20+00:00 DEBUG > &#8220;Order &ndash; October 1, 2017 @ 12:48 AM&#8221;Order Imported Successfully.
2017-10-01T00:48:20+00:00 DEBUG > Finished importing order 1267
2017-10-01T00:48:20+00:00 DEBUG Finished processing orders.
2017-10-01T00:48:20+00:00 DEBUG ---
2017-10-01T00:48:20+00:00 DEBUG Processing orders.
2017-10-01T00:48:21+00:00 DEBUG > &#8220;Order &ndash; October 1, 2017 @ 12:48 AM&#8221;Order Imported Successfully.
2017-10-01T00:48:21+00:00 DEBUG > Finished importing order 1268
2017-10-01T00:48:21+00:00 DEBUG Finished processing orders.
2017-10-01T00:48:21+00:00 DEBUG ---
2017-10-01T00:48:21+00:00 DEBUG Processing orders.
2017-10-01T00:48:22+00:00 DEBUG > &#8220;Order &ndash; October 1, 2017 @ 12:48 AM&#8221;Order Imported Successfully.
2017-10-01T00:48:22+00:00 DEBUG > Finished importing order 1269
2017-10-01T00:48:22+00:00 DEBUG Finished processing orders.
2017-10-01T00:48:22+00:00 DEBUG ---
2017-10-01T00:48:22+00:00 DEBUG Processing orders.
2017-10-01T00:48:23+00:00 DEBUG > &#8220;Order &ndash; October 1, 2017 @ 12:48 AM&#8221;Order Imported Successfully.
2017-10-01T00:48:23+00:00 DEBUG > Finished importing order 1270
2017-10-01T00:48:23+00:00 DEBUG Finished processing orders.
2017-10-01T00:48:23+00:00 DEBUG ---
2017-10-01T00:48:23+00:00 DEBUG Processing orders.
2017-10-01T00:48:24+00:00 DEBUG > &#8220;Order &ndash; October 1, 2017 @ 12:48 AM&#8221;Order Imported Successfully.
2017-10-01T00:48:24+00:00 DEBUG > Finished importing order 1271
2017-10-01T00:48:24+00:00 DEBUG Finished processing orders.
2017-10-01T00:48:24+00:00 DEBUG ---
2017-10-01T00:48:24+00:00 DEBUG Processing orders.
2017-10-01T00:48:25+00:00 DEBUG > &#8220;Order &ndash; October 1, 2017 @ 12:48 AM&#8221;Order Imported Successfully.
2017-10-01T00:48:25+00:00 DEBUG > Finished importing order 1272
2017-10-01T00:48:25+00:00 DEBUG Finished processing orders.
2017-10-01T00:48:25+00:00 DEBUG ---
2017-10-01T00:48:25+00:00 DEBUG Processing orders.
2017-10-01T00:48:26+00:00 DEBUG > &#8220;Order &ndash; October 1, 2017 @ 12:48 AM&#8221;Order Imported Successfully.
2017-10-01T00:48:26+00:00 DEBUG > Finished importing order 1273
2017-10-01T00:48:26+00:00 DEBUG Finished processing orders.
2017-10-01T00:48:26+00:00 DEBUG Finished processing Orders.
2017-10-01T00:48:27+00:00 DEBUG ---[ New Import ] PHP Memory: 256 MB, WP Memory: 256 MB
2017-10-01T00:48:27+00:00 DEBUG Parsing products CSV.
2017-10-01T00:48:27+00:00 DEBUG Finished parsing products CSV.
2017-10-01T00:48:27+00:00 DEBUG ---
2017-10-01T00:48:27+00:00 DEBUG Processing orders.
2017-10-01T00:48:27+00:00 DEBUG ---
2017-10-01T00:48:27+00:00 DEBUG Processing orders.
2017-10-01T00:48:29+00:00 DEBUG > &#8220;Order &ndash; October 1, 2017 @ 12:48 AM&#8221;Order Imported Successfully.
2017-10-01T00:48:29+00:00 DEBUG > Finished importing order 1274
2017-10-01T00:48:29+00:00 DEBUG Finished processing orders.
2017-10-01T00:48:29+00:00 DEBUG ---
2017-10-01T00:48:29+00:00 DEBUG Processing orders.
2017-10-01T00:48:30+00:00 DEBUG > &#8220;Order &ndash; October 1, 2017 @ 12:48 AM&#8221;Order Imported Successfully.
2017-10-01T00:48:30+00:00 DEBUG > Finished importing order 1275
2017-10-01T00:48:30+00:00 DEBUG Finished processing orders.
2017-10-01T00:48:30+00:00 DEBUG ---
2017-10-01T00:48:30+00:00 DEBUG Processing orders.
2017-10-01T00:48:31+00:00 DEBUG > &#8220;Order &ndash; October 1, 2017 @ 12:48 AM&#8221;Order Imported Successfully.
2017-10-01T00:48:31+00:00 DEBUG > Finished importing order 1276
2017-10-01T00:48:31+00:00 DEBUG Finished processing orders.
2017-10-01T00:48:31+00:00 DEBUG ---
2017-10-01T00:48:31+00:00 DEBUG Processing orders.
2017-10-01T00:48:32+00:00 DEBUG > &#8220;Order &ndash; October 1, 2017 @ 12:48 AM&#8221;Order Imported Successfully.
2017-10-01T00:48:32+00:00 DEBUG > Finished importing order 1277
2017-10-01T00:48:32+00:00 DEBUG Finished processing orders.
2017-10-01T00:48:32+00:00 DEBUG ---
2017-10-01T00:48:32+00:00 DEBUG Processing orders.
2017-10-01T00:48:33+00:00 DEBUG > &#8220;Order &ndash; October 1, 2017 @ 12:48 AM&#8221;Order Imported Successfully.
2017-10-01T00:48:33+00:00 DEBUG > Finished importing order 1278
2017-10-01T00:48:33+00:00 DEBUG Finished processing orders.
2017-10-01T00:48:33+00:00 DEBUG ---
2017-10-01T00:48:33+00:00 DEBUG Processing orders.
2017-10-01T00:48:34+00:00 DEBUG > &#8220;Order &ndash; October 1, 2017 @ 12:48 AM&#8221;Order Imported Successfully.
2017-10-01T00:48:34+00:00 DEBUG > Finished importing order 1279
2017-10-01T00:48:34+00:00 DEBUG Finished processing orders.
2017-10-01T00:48:34+00:00 DEBUG ---
2017-10-01T00:48:34+00:00 DEBUG Processing orders.
2017-10-01T00:48:35+00:00 DEBUG > &#8220;Order &ndash; October 1, 2017 @ 12:48 AM&#8221;Order Imported Successfully.
2017-10-01T00:48:35+00:00 DEBUG > Finished importing order 1280
2017-10-01T00:48:35+00:00 DEBUG Finished processing orders.
2017-10-01T00:48:35+00:00 DEBUG ---
2017-10-01T00:48:35+00:00 DEBUG Processing orders.
2017-10-01T00:48:36+00:00 DEBUG > &#8220;Order &ndash; October 1, 2017 @ 12:48 AM&#8221;Order Imported Successfully.
2017-10-01T00:48:36+00:00 DEBUG > Finished importing order 1281
2017-10-01T00:48:36+00:00 DEBUG Finished processing orders.
2017-10-01T00:48:36+00:00 DEBUG ---
2017-10-01T00:48:36+00:00 DEBUG Processing orders.
2017-10-01T00:48:36+00:00 DEBUG > &#8220;Order &ndash; October 1, 2017 @ 12:48 AM&#8221;Order Imported Successfully.
2017-10-01T00:48:36+00:00 DEBUG > Finished importing order 1282
2017-10-01T00:48:36+00:00 DEBUG Finished processing orders.
2017-10-01T00:48:36+00:00 DEBUG ---
2017-10-01T00:48:36+00:00 DEBUG Processing orders.
2017-10-01T00:48:37+00:00 DEBUG > &#8220;Order &ndash; October 1, 2017 @ 12:48 AM&#8221;Order Imported Successfully.
2017-10-01T00:48:37+00:00 DEBUG > Finished importing order 1283
2017-10-01T00:48:37+00:00 DEBUG Finished processing orders.
2017-10-01T00:48:37+00:00 DEBUG Finished processing Orders.
2017-10-01T00:48:39+00:00 DEBUG ---[ New Import ] PHP Memory: 256 MB, WP Memory: 256 MB
2017-10-01T00:48:39+00:00 DEBUG Parsing products CSV.
2017-10-01T00:48:39+00:00 DEBUG Finished parsing products CSV.
2017-10-01T00:48:39+00:00 DEBUG ---
2017-10-01T00:48:39+00:00 DEBUG Processing orders.
2017-10-01T00:48:39+00:00 DEBUG ---
2017-10-01T00:48:39+00:00 DEBUG Processing orders.
2017-10-01T00:48:41+00:00 DEBUG > &#8220;Order &ndash; October 1, 2017 @ 12:48 AM&#8221;Order Imported Successfully.
2017-10-01T00:48:41+00:00 DEBUG > Finished importing order 1284
2017-10-01T00:48:41+00:00 DEBUG Finished processing orders.
2017-10-01T00:48:41+00:00 DEBUG ---
2017-10-01T00:48:41+00:00 DEBUG Processing orders.
2017-10-01T00:48:42+00:00 DEBUG > &#8220;Order &ndash; October 1, 2017 @ 12:48 AM&#8221;Order Imported Successfully.
2017-10-01T00:48:42+00:00 DEBUG > Finished importing order 1285
2017-10-01T00:48:42+00:00 DEBUG Finished processing orders.
2017-10-01T00:48:42+00:00 DEBUG ---
2017-10-01T00:48:42+00:00 DEBUG Processing orders.
2017-10-01T00:48:43+00:00 DEBUG > &#8220;Order &ndash; October 1, 2017 @ 12:48 AM&#8221;Order Imported Successfully.
2017-10-01T00:48:43+00:00 DEBUG > Finished importing order 1286
2017-10-01T00:48:43+00:00 DEBUG Finished processing orders.
2017-10-01T00:48:43+00:00 DEBUG ---
2017-10-01T00:48:43+00:00 DEBUG Processing orders.
2017-10-01T00:48:44+00:00 DEBUG > &#8220;Order &ndash; October 1, 2017 @ 12:48 AM&#8221;Order Imported Successfully.
2017-10-01T00:48:44+00:00 DEBUG > Finished importing order 1287
2017-10-01T00:48:44+00:00 DEBUG Finished processing orders.
2017-10-01T00:48:44+00:00 DEBUG ---
2017-10-01T00:48:44+00:00 DEBUG Processing orders.
2017-10-01T00:48:45+00:00 DEBUG > &#8220;Order &ndash; October 1, 2017 @ 12:48 AM&#8221;Order Imported Successfully.
2017-10-01T00:48:45+00:00 DEBUG > Finished importing order 1288
2017-10-01T00:48:45+00:00 DEBUG Finished processing orders.
2017-10-01T00:48:45+00:00 DEBUG Finished processing Orders.
2017-10-01T00:51:56+00:00 DEBUG ---[ New Import ] PHP Memory: 256 MB, WP Memory: 256 MB
2017-10-01T00:51:56+00:00 DEBUG Parsing products CSV.
2017-10-01T00:51:56+00:00 DEBUG Finished parsing products CSV.
2017-10-01T00:51:56+00:00 DEBUG ---
2017-10-01T00:51:56+00:00 DEBUG Processing orders.
2017-10-01T00:51:56+00:00 DEBUG ---
2017-10-01T00:51:56+00:00 DEBUG Processing orders.
2017-10-01T00:51:57+00:00 DEBUG > &#8220;Order &ndash; October 1, 2017 @ 12:51 AM&#8221;Order Imported Successfully.
2017-10-01T00:51:57+00:00 DEBUG > Finished importing order 1290
2017-10-01T00:51:57+00:00 DEBUG Finished processing orders.
2017-10-01T00:51:57+00:00 DEBUG ---
2017-10-01T00:51:57+00:00 DEBUG Processing orders.
2017-10-01T00:51:58+00:00 DEBUG > &#8220;Order &ndash; October 1, 2017 @ 12:51 AM&#8221;Order Imported Successfully.
2017-10-01T00:51:58+00:00 DEBUG > Finished importing order 1291
2017-10-01T00:51:58+00:00 DEBUG Finished processing orders.
2017-10-01T00:51:58+00:00 DEBUG ---
2017-10-01T00:51:58+00:00 DEBUG Processing orders.
2017-10-01T00:51:59+00:00 DEBUG > &#8220;Order &ndash; October 1, 2017 @ 12:51 AM&#8221;Order Imported Successfully.
2017-10-01T00:51:59+00:00 DEBUG > Finished importing order 1292
2017-10-01T00:51:59+00:00 DEBUG Finished processing orders.
2017-10-01T00:51:59+00:00 DEBUG ---
2017-10-01T00:51:59+00:00 DEBUG Processing orders.
2017-10-01T00:52:00+00:00 DEBUG > &#8220;Order &ndash; October 1, 2017 @ 12:51 AM&#8221;Order Imported Successfully.
2017-10-01T00:52:00+00:00 DEBUG > Finished importing order 1293
2017-10-01T00:52:00+00:00 DEBUG Finished processing orders.
2017-10-01T00:52:00+00:00 DEBUG ---
2017-10-01T00:52:00+00:00 DEBUG Processing orders.
2017-10-01T00:52:01+00:00 DEBUG > &#8220;Order &ndash; October 1, 2017 @ 12:52 AM&#8221;Order Imported Successfully.
2017-10-01T00:52:01+00:00 DEBUG > Finished importing order 1294
2017-10-01T00:52:01+00:00 DEBUG Finished processing orders.
2017-10-01T00:52:01+00:00 DEBUG ---
2017-10-01T00:52:01+00:00 DEBUG Processing orders.
2017-10-01T00:52:03+00:00 DEBUG > &#8220;Order &ndash; October 1, 2017 @ 12:52 AM&#8221;Order Imported Successfully.
2017-10-01T00:52:03+00:00 DEBUG > Finished importing order 1295
2017-10-01T00:52:03+00:00 DEBUG Finished processing orders.
2017-10-01T00:52:03+00:00 DEBUG ---
2017-10-01T00:52:03+00:00 DEBUG Processing orders.
2017-10-01T00:52:04+00:00 DEBUG > &#8220;Order &ndash; October 1, 2017 @ 12:52 AM&#8221;Order Imported Successfully.
2017-10-01T00:52:04+00:00 DEBUG > Finished importing order 1296
2017-10-01T00:52:04+00:00 DEBUG Finished processing orders.
2017-10-01T00:52:04+00:00 DEBUG ---
2017-10-01T00:52:04+00:00 DEBUG Processing orders.
2017-10-01T00:52:05+00:00 DEBUG > &#8220;Order &ndash; October 1, 2017 @ 12:52 AM&#8221;Order Imported Successfully.
2017-10-01T00:52:05+00:00 DEBUG > Finished importing order 1297
2017-10-01T00:52:05+00:00 DEBUG Finished processing orders.
2017-10-01T00:52:05+00:00 DEBUG ---
2017-10-01T00:52:05+00:00 DEBUG Processing orders.
2017-10-01T00:52:06+00:00 DEBUG > &#8220;Order &ndash; October 1, 2017 @ 12:52 AM&#8221;Order Imported Successfully.
2017-10-01T00:52:06+00:00 DEBUG > Finished importing order 1298
2017-10-01T00:52:06+00:00 DEBUG Finished processing orders.
2017-10-01T00:52:06+00:00 DEBUG Finished processing Orders.
2017-10-01T00:52:10+00:00 DEBUG ---[ New Import ] PHP Memory: 256 MB, WP Memory: 256 MB
2017-10-01T00:52:10+00:00 DEBUG Parsing products CSV.
2017-10-01T00:52:10+00:00 DEBUG Finished parsing products CSV.
2017-10-01T00:52:10+00:00 DEBUG ---
2017-10-01T00:52:10+00:00 DEBUG Processing orders.
2017-10-01T00:52:10+00:00 DEBUG ---
2017-10-01T00:52:10+00:00 DEBUG Processing orders.
2017-10-01T00:52:12+00:00 DEBUG > &#8220;Order &ndash; October 1, 2017 @ 12:52 AM&#8221;Order Imported Successfully.
2017-10-01T00:52:12+00:00 DEBUG > Finished importing order 1299
2017-10-01T00:52:12+00:00 DEBUG Finished processing orders.
2017-10-01T00:52:12+00:00 DEBUG ---
2017-10-01T00:52:12+00:00 DEBUG Processing orders.
2017-10-01T00:52:13+00:00 DEBUG > &#8220;Order &ndash; October 1, 2017 @ 12:52 AM&#8221;Order Imported Successfully.
2017-10-01T00:52:13+00:00 DEBUG > Finished importing order 1300
2017-10-01T00:52:13+00:00 DEBUG Finished processing orders.
2017-10-01T00:52:13+00:00 DEBUG ---
2017-10-01T00:52:13+00:00 DEBUG Processing orders.
2017-10-01T00:52:14+00:00 DEBUG > &#8220;Order &ndash; October 1, 2017 @ 12:52 AM&#8221;Order Imported Successfully.
2017-10-01T00:52:14+00:00 DEBUG > Finished importing order 1301
2017-10-01T00:52:14+00:00 DEBUG Finished processing orders.
2017-10-01T00:52:14+00:00 DEBUG ---
2017-10-01T00:52:14+00:00 DEBUG Processing orders.
2017-10-01T00:52:15+00:00 DEBUG > &#8220;Order &ndash; October 1, 2017 @ 12:52 AM&#8221;Order Imported Successfully.
2017-10-01T00:52:15+00:00 DEBUG > Finished importing order 1302
2017-10-01T00:52:15+00:00 DEBUG Finished processing orders.
2017-10-01T00:52:15+00:00 DEBUG ---
2017-10-01T00:52:15+00:00 DEBUG Processing orders.
2017-10-01T00:52:17+00:00 DEBUG > &#8220;Order &ndash; October 1, 2017 @ 12:52 AM&#8221;Order Imported Successfully.
2017-10-01T00:52:17+00:00 DEBUG > Finished importing order 1303
2017-10-01T00:52:17+00:00 DEBUG Finished processing orders.
2017-10-01T00:52:17+00:00 DEBUG ---
2017-10-01T00:52:17+00:00 DEBUG Processing orders.
2017-10-01T00:52:21+00:00 DEBUG > &#8220;Order &ndash; October 1, 2017 @ 12:52 AM&#8221;Order Imported Successfully.
2017-10-01T00:52:21+00:00 DEBUG > Finished importing order 1304
2017-10-01T00:52:21+00:00 DEBUG Finished processing orders.
2017-10-01T00:52:21+00:00 DEBUG ---
2017-10-01T00:52:21+00:00 DEBUG Processing orders.
2017-10-01T00:52:24+00:00 DEBUG > &#8220;Order &ndash; October 1, 2017 @ 12:52 AM&#8221;Order Imported Successfully.
2017-10-01T00:52:24+00:00 DEBUG > Finished importing order 1305
2017-10-01T00:52:24+00:00 DEBUG Finished processing orders.
2017-10-01T00:52:24+00:00 DEBUG ---
2017-10-01T00:52:24+00:00 DEBUG Processing orders.
2017-10-01T00:52:27+00:00 DEBUG > &#8220;Order &ndash; October 1, 2017 @ 12:52 AM&#8221;Order Imported Successfully.
2017-10-01T00:52:27+00:00 DEBUG > Finished importing order 1306
2017-10-01T00:52:27+00:00 DEBUG Finished processing orders.
2017-10-01T00:52:27+00:00 DEBUG ---
2017-10-01T00:52:27+00:00 DEBUG Processing orders.
2017-10-01T00:52:30+00:00 DEBUG > &#8220;Order &ndash; October 1, 2017 @ 12:52 AM&#8221;Order Imported Successfully.
2017-10-01T00:52:30+00:00 DEBUG > Finished importing order 1307
2017-10-01T00:52:30+00:00 DEBUG Finished processing orders.
2017-10-01T00:52:30+00:00 DEBUG ---
2017-10-01T00:52:30+00:00 DEBUG Processing orders.
2017-10-01T00:52:33+00:00 DEBUG > &#8220;Order &ndash; October 1, 2017 @ 12:52 AM&#8221;Order Imported Successfully.
2017-10-01T00:52:33+00:00 DEBUG > Finished importing order 1308
2017-10-01T00:52:33+00:00 DEBUG Finished processing orders.
2017-10-01T00:52:33+00:00 DEBUG Finished processing Orders.
2017-10-01T15:21:31+00:00 DEBUG ---[ New Import ] PHP Memory: 256 MB, WP Memory: 256 MB
2017-10-01T15:21:31+00:00 DEBUG Parsing products CSV.
2017-10-01T15:21:31+00:00 DEBUG Finished parsing products CSV.
2017-10-01T15:21:31+00:00 DEBUG ---
2017-10-01T15:21:31+00:00 DEBUG Processing orders.
2017-10-01T15:21:31+00:00 DEBUG ---
2017-10-01T15:21:31+00:00 DEBUG Processing orders.
2017-10-01T15:21:31+00:00 DEBUG > &#8220;Order &ndash; October 1, 2017 @ 02:49 PM&#8221;Order already exists.
2017-10-01T15:21:31+00:00 DEBUG ---
2017-10-01T15:21:31+00:00 DEBUG Processing orders.
2017-10-01T15:21:31+00:00 DEBUG > &#8220;Order &ndash; October 1, 2017 @ 02:43 PM&#8221;Order already exists.
2017-10-01T15:21:31+00:00 DEBUG ---
2017-10-01T15:21:31+00:00 DEBUG Processing orders.
2017-10-01T15:21:31+00:00 DEBUG > &#8220;Order &ndash; October 1, 2017 @ 12:48 PM&#8221;Order already exists.
2017-10-01T15:21:31+00:00 DEBUG ---
2017-10-01T15:21:31+00:00 DEBUG Processing orders.
2017-10-01T15:21:31+00:00 DEBUG > &#8220;Order &ndash; October 1, 2017 @ 11:13 AM&#8221;Order already exists.
2017-10-01T15:21:31+00:00 DEBUG ---
2017-10-01T15:21:31+00:00 DEBUG Processing orders.
2017-10-01T15:21:31+00:00 DEBUG > &#8220;Order &ndash; October 1, 2017 @ 09:38 AM&#8221;Order already exists.
2017-10-01T15:21:31+00:00 DEBUG ---
2017-10-01T15:21:31+00:00 DEBUG Processing orders.
2017-10-01T15:21:31+00:00 DEBUG > &#8220;Order &ndash; October 1, 2017 @ 09:20 AM&#8221;Order already exists.
2017-10-01T15:21:31+00:00 DEBUG ---
2017-10-01T15:21:31+00:00 DEBUG Processing orders.
2017-10-01T15:21:31+00:00 DEBUG > &#8220;Order &ndash; October 1, 2017 @ 09:18 AM&#8221;Order already exists.
2017-10-01T15:21:31+00:00 DEBUG ---
2017-10-01T15:21:31+00:00 DEBUG Processing orders.
2017-10-01T15:21:31+00:00 DEBUG > &#8220;Order &ndash; October 1, 2017 @ 08:35 AM&#8221;Order already exists.
2017-10-01T15:21:31+00:00 DEBUG ---
2017-10-01T15:21:31+00:00 DEBUG Processing orders.
2017-10-01T15:21:31+00:00 DEBUG > &#8220;Order &ndash; October 1, 2017 @ 08:32 AM&#8221;Order already exists.
2017-10-01T15:21:31+00:00 DEBUG Finished processing Orders.
2017-10-01T15:21:32+00:00 DEBUG ---[ New Import ] PHP Memory: 256 MB, WP Memory: 256 MB
2017-10-01T15:21:32+00:00 DEBUG Parsing products CSV.
2017-10-01T15:21:32+00:00 DEBUG Finished parsing products CSV.
2017-10-01T15:21:32+00:00 DEBUG ---
2017-10-01T15:21:32+00:00 DEBUG Processing orders.
2017-10-01T15:21:32+00:00 DEBUG ---
2017-10-01T15:21:32+00:00 DEBUG Processing orders.
2017-10-01T15:21:32+00:00 DEBUG > &#8220;Order &ndash; October 1, 2017 @ 08:22 AM&#8221;Order already exists.
2017-10-01T15:21:32+00:00 DEBUG ---
2017-10-01T15:21:32+00:00 DEBUG Processing orders.
2017-10-01T15:21:32+00:00 DEBUG > &#8220;Order &ndash; October 1, 2017 @ 08:18 AM&#8221;Order already exists.
2017-10-01T15:21:32+00:00 DEBUG ---
2017-10-01T15:21:32+00:00 DEBUG Processing orders.
2017-10-01T15:21:32+00:00 DEBUG > &#8220;Order &ndash; October 1, 2017 @ 08:16 AM&#8221;Order already exists.
2017-10-01T15:21:32+00:00 DEBUG ---
2017-10-01T15:21:32+00:00 DEBUG Processing orders.
2017-10-01T15:21:32+00:00 DEBUG > &#8220;Order &ndash; October 1, 2017 @ 08:08 AM&#8221;Order already exists.
2017-10-01T15:21:32+00:00 DEBUG ---
2017-10-01T15:21:32+00:00 DEBUG Processing orders.
2017-10-01T15:21:32+00:00 DEBUG > &#8220;Order &ndash; October 1, 2017 @ 07:59 AM&#8221;Order already exists.
2017-10-01T15:21:32+00:00 DEBUG ---
2017-10-01T15:21:32+00:00 DEBUG Processing orders.
2017-10-01T15:21:32+00:00 DEBUG > &#8220;Order &ndash; October 1, 2017 @ 07:54 AM&#8221;Order already exists.
2017-10-01T15:21:32+00:00 DEBUG ---
2017-10-01T15:21:32+00:00 DEBUG Processing orders.
2017-10-01T15:21:32+00:00 DEBUG > &#8220;Order &ndash; October 1, 2017 @ 02:38 AM&#8221;Order already exists.
2017-10-01T15:21:32+00:00 DEBUG ---
2017-10-01T15:21:32+00:00 DEBUG Processing orders.
2017-10-01T15:21:32+00:00 DEBUG > &#8220;Order &ndash; October 1, 2017 @ 02:17 AM&#8221;Order already exists.
2017-10-01T15:21:32+00:00 DEBUG ---
2017-10-01T15:21:32+00:00 DEBUG Processing orders.
2017-10-01T15:21:32+00:00 DEBUG > &#8220;Order &ndash; October 1, 2017 @ 01:41 AM&#8221;Order already exists.
2017-10-01T15:21:32+00:00 DEBUG ---
2017-10-01T15:21:32+00:00 DEBUG Processing orders.
2017-10-01T15:21:32+00:00 DEBUG > &#8220;Order &ndash; October 1, 2017 @ 01:20 AM&#8221;Order already exists.
2017-10-01T15:21:32+00:00 DEBUG Finished processing Orders.
2017-10-01T15:39:54+00:00 DEBUG ---[ New Import ] PHP Memory: 256 MB, WP Memory: 256 MB
2017-10-01T15:39:54+00:00 DEBUG Parsing products CSV.
2017-10-01T15:39:54+00:00 DEBUG Finished parsing products CSV.
2017-10-01T15:39:54+00:00 DEBUG ---
2017-10-01T15:39:54+00:00 DEBUG Processing orders.
2017-10-01T15:39:54+00:00 DEBUG ---
2017-10-01T15:39:54+00:00 DEBUG Processing orders.
2017-10-01T15:39:54+00:00 DEBUG > &#8220;Order &ndash; October 1, 2017 @ 02:49 PM&#8221;Order already exists.
2017-10-01T15:39:54+00:00 DEBUG ---
2017-10-01T15:39:54+00:00 DEBUG Processing orders.
2017-10-01T15:39:54+00:00 DEBUG > &#8220;Order &ndash; October 1, 2017 @ 02:43 PM&#8221;Order already exists.
2017-10-01T15:39:54+00:00 DEBUG ---
2017-10-01T15:39:54+00:00 DEBUG Processing orders.
2017-10-01T15:39:54+00:00 DEBUG > &#8220;Order &ndash; October 1, 2017 @ 12:48 PM&#8221;Order already exists.
2017-10-01T15:39:54+00:00 DEBUG ---
2017-10-01T15:39:54+00:00 DEBUG Processing orders.
2017-10-01T15:39:54+00:00 DEBUG > &#8220;Order &ndash; October 1, 2017 @ 11:13 AM&#8221;Order already exists.
2017-10-01T15:39:54+00:00 DEBUG ---
2017-10-01T15:39:54+00:00 DEBUG Processing orders.
2017-10-01T15:39:54+00:00 DEBUG > &#8220;Order &ndash; October 1, 2017 @ 09:38 AM&#8221;Order already exists.
2017-10-01T15:39:54+00:00 DEBUG ---
2017-10-01T15:39:54+00:00 DEBUG Processing orders.
2017-10-01T15:39:54+00:00 DEBUG > &#8220;Order &ndash; October 1, 2017 @ 09:20 AM&#8221;Order already exists.
2017-10-01T15:39:54+00:00 DEBUG ---
2017-10-01T15:39:54+00:00 DEBUG Processing orders.
2017-10-01T15:39:54+00:00 DEBUG > &#8220;Order &ndash; October 1, 2017 @ 09:18 AM&#8221;Order already exists.
2017-10-01T15:39:54+00:00 DEBUG ---
2017-10-01T15:39:54+00:00 DEBUG Processing orders.
2017-10-01T15:39:54+00:00 DEBUG > &#8220;Order &ndash; October 1, 2017 @ 08:35 AM&#8221;Order already exists.
2017-10-01T15:39:54+00:00 DEBUG ---
2017-10-01T15:39:54+00:00 DEBUG Processing orders.
2017-10-01T15:39:54+00:00 DEBUG > &#8220;Order &ndash; October 1, 2017 @ 08:32 AM&#8221;Order already exists.
2017-10-01T15:39:54+00:00 DEBUG Finished processing Orders.
2017-10-01T15:39:55+00:00 DEBUG ---[ New Import ] PHP Memory: 256 MB, WP Memory: 256 MB
2017-10-01T15:39:55+00:00 DEBUG Parsing products CSV.
2017-10-01T15:39:55+00:00 DEBUG Finished parsing products CSV.
2017-10-01T15:39:55+00:00 DEBUG ---
2017-10-01T15:39:55+00:00 DEBUG Processing orders.
2017-10-01T15:39:55+00:00 DEBUG ---
2017-10-01T15:39:55+00:00 DEBUG Processing orders.
2017-10-01T15:39:55+00:00 DEBUG > &#8220;Order &ndash; October 1, 2017 @ 08:22 AM&#8221;Order already exists.
2017-10-01T15:39:55+00:00 DEBUG ---
2017-10-01T15:39:55+00:00 DEBUG Processing orders.
2017-10-01T15:39:55+00:00 DEBUG > &#8220;Order &ndash; October 1, 2017 @ 08:18 AM&#8221;Order already exists.
2017-10-01T15:39:55+00:00 DEBUG ---
2017-10-01T15:39:55+00:00 DEBUG Processing orders.
2017-10-01T15:39:55+00:00 DEBUG > &#8220;Order &ndash; October 1, 2017 @ 08:16 AM&#8221;Order already exists.
2017-10-01T15:39:55+00:00 DEBUG ---
2017-10-01T15:39:55+00:00 DEBUG Processing orders.
2017-10-01T15:39:55+00:00 DEBUG > &#8220;Order &ndash; October 1, 2017 @ 08:08 AM&#8221;Order already exists.
2017-10-01T15:39:55+00:00 DEBUG ---
2017-10-01T15:39:55+00:00 DEBUG Processing orders.
2017-10-01T15:39:55+00:00 DEBUG > &#8220;Order &ndash; October 1, 2017 @ 07:59 AM&#8221;Order already exists.
2017-10-01T15:39:55+00:00 DEBUG ---
2017-10-01T15:39:55+00:00 DEBUG Processing orders.
2017-10-01T15:39:55+00:00 DEBUG > &#8220;Order &ndash; October 1, 2017 @ 07:54 AM&#8221;Order already exists.
2017-10-01T15:39:55+00:00 DEBUG ---
2017-10-01T15:39:55+00:00 DEBUG Processing orders.
2017-10-01T15:39:55+00:00 DEBUG > &#8220;Order &ndash; October 1, 2017 @ 02:38 AM&#8221;Order already exists.
2017-10-01T15:39:55+00:00 DEBUG ---
2017-10-01T15:39:55+00:00 DEBUG Processing orders.
2017-10-01T15:39:55+00:00 DEBUG > &#8220;Order &ndash; October 1, 2017 @ 02:17 AM&#8221;Order already exists.
2017-10-01T15:39:55+00:00 DEBUG ---
2017-10-01T15:39:55+00:00 DEBUG Processing orders.
2017-10-01T15:39:55+00:00 DEBUG > &#8220;Order &ndash; October 1, 2017 @ 01:41 AM&#8221;Order already exists.
2017-10-01T15:39:55+00:00 DEBUG ---
2017-10-01T15:39:55+00:00 DEBUG Processing orders.
2017-10-01T15:39:55+00:00 DEBUG > &#8220;Order &ndash; October 1, 2017 @ 01:20 AM&#8221;Order already exists.
2017-10-01T15:39:55+00:00 DEBUG Finished processing Orders.
2017-10-01T15:42:11+00:00 DEBUG ---[ New Import ] PHP Memory: 256 MB, WP Memory: 256 MB
2017-10-01T15:42:11+00:00 DEBUG Parsing products CSV.
2017-10-01T15:42:11+00:00 DEBUG Finished parsing products CSV.
2017-10-01T15:42:11+00:00 DEBUG ---
2017-10-01T15:42:11+00:00 DEBUG Processing orders.
2017-10-01T15:42:11+00:00 DEBUG ---
2017-10-01T15:42:11+00:00 DEBUG Processing orders.
2017-10-01T15:42:14+00:00 DEBUG > &#8220;Order &ndash; October 1, 2017 @ 12:00 AM&#8221;Order Imported Successfully.
2017-10-01T15:42:14+00:00 DEBUG > Finished importing order 1347
2017-10-01T15:42:14+00:00 DEBUG Finished processing orders.
2017-10-01T15:42:14+00:00 DEBUG ---
2017-10-01T15:42:14+00:00 DEBUG Processing orders.
2017-10-01T15:42:17+00:00 DEBUG > &#8220;Order &ndash; October 1, 2017 @ 12:00 AM&#8221;Order Imported Successfully.
2017-10-01T15:42:17+00:00 DEBUG > Finished importing order 1348
2017-10-01T15:42:17+00:00 DEBUG Finished processing orders.
2017-10-01T15:42:17+00:00 DEBUG ---
2017-10-01T15:42:17+00:00 DEBUG Processing orders.
2017-10-01T15:42:20+00:00 DEBUG > &#8220;Order &ndash; October 1, 2017 @ 12:00 AM&#8221;Order Imported Successfully.
2017-10-01T15:42:20+00:00 DEBUG > Finished importing order 1349
2017-10-01T15:42:20+00:00 DEBUG Finished processing orders.
2017-10-01T15:42:20+00:00 DEBUG ---
2017-10-01T15:42:20+00:00 DEBUG Processing orders.
2017-10-01T15:42:22+00:00 DEBUG > &#8220;Order &ndash; October 1, 2017 @ 12:00 AM&#8221;Order Imported Successfully.
2017-10-01T15:42:22+00:00 DEBUG > Finished importing order 1350
2017-10-01T15:42:22+00:00 DEBUG Finished processing orders.
2017-10-01T15:42:22+00:00 DEBUG ---
2017-10-01T15:42:22+00:00 DEBUG Processing orders.
2017-10-01T15:42:25+00:00 DEBUG > &#8220;Order &ndash; October 1, 2017 @ 12:00 AM&#8221;Order Imported Successfully.
2017-10-01T15:42:25+00:00 DEBUG > Finished importing order 1351
2017-10-01T15:42:25+00:00 DEBUG Finished processing orders.
2017-10-01T15:42:25+00:00 DEBUG ---
2017-10-01T15:42:25+00:00 DEBUG Processing orders.
2017-10-01T15:42:28+00:00 DEBUG > &#8220;Order &ndash; October 1, 2017 @ 12:00 AM&#8221;Order Imported Successfully.
2017-10-01T15:42:28+00:00 DEBUG > Finished importing order 1352
2017-10-01T15:42:28+00:00 DEBUG Finished processing orders.
2017-10-01T15:42:28+00:00 DEBUG ---
2017-10-01T15:42:28+00:00 DEBUG Processing orders.
2017-10-01T15:42:30+00:00 DEBUG > &#8220;Order &ndash; October 1, 2017 @ 12:00 AM&#8221;Order Imported Successfully.
2017-10-01T15:42:30+00:00 DEBUG > Finished importing order 1353
2017-10-01T15:42:30+00:00 DEBUG Finished processing orders.
2017-10-01T15:42:30+00:00 DEBUG ---
2017-10-01T15:42:30+00:00 DEBUG Processing orders.
2017-10-01T15:42:33+00:00 DEBUG > &#8220;Order &ndash; October 1, 2017 @ 12:00 AM&#8221;Order Imported Successfully.
2017-10-01T15:42:33+00:00 DEBUG > Finished importing order 1354
2017-10-01T15:42:33+00:00 DEBUG Finished processing orders.
2017-10-01T15:42:33+00:00 DEBUG ---
2017-10-01T15:42:33+00:00 DEBUG Processing orders.
2017-10-01T15:42:36+00:00 DEBUG > &#8220;Order &ndash; October 1, 2017 @ 12:00 AM&#8221;Order Imported Successfully.
2017-10-01T15:42:36+00:00 DEBUG > Finished importing order 1355
2017-10-01T15:42:36+00:00 DEBUG Finished processing orders.
2017-10-01T15:42:36+00:00 DEBUG Finished processing Orders.
2017-10-01T15:42:37+00:00 DEBUG ---[ New Import ] PHP Memory: 256 MB, WP Memory: 256 MB
2017-10-01T15:42:37+00:00 DEBUG Parsing products CSV.
2017-10-01T15:42:37+00:00 DEBUG Finished parsing products CSV.
2017-10-01T15:42:37+00:00 DEBUG ---
2017-10-01T15:42:37+00:00 DEBUG Processing orders.
2017-10-01T15:42:37+00:00 DEBUG ---
2017-10-01T15:42:37+00:00 DEBUG Processing orders.
2017-10-01T15:42:40+00:00 DEBUG > &#8220;Order &ndash; October 1, 2017 @ 12:00 AM&#8221;Order Imported Successfully.
2017-10-01T15:42:40+00:00 DEBUG > Finished importing order 1356
2017-10-01T15:42:40+00:00 DEBUG Finished processing orders.
2017-10-01T15:42:40+00:00 DEBUG ---
2017-10-01T15:42:40+00:00 DEBUG Processing orders.
2017-10-01T15:42:43+00:00 DEBUG > &#8220;Order &ndash; October 1, 2017 @ 12:00 AM&#8221;Order Imported Successfully.
2017-10-01T15:42:43+00:00 DEBUG > Finished importing order 1357
2017-10-01T15:42:43+00:00 DEBUG Finished processing orders.
2017-10-01T15:42:43+00:00 DEBUG ---
2017-10-01T15:42:43+00:00 DEBUG Processing orders.
2017-10-01T15:42:46+00:00 DEBUG > &#8220;Order &ndash; October 1, 2017 @ 12:00 AM&#8221;Order Imported Successfully.
2017-10-01T15:42:46+00:00 DEBUG > Finished importing order 1358
2017-10-01T15:42:46+00:00 DEBUG Finished processing orders.
2017-10-01T15:42:46+00:00 DEBUG ---
2017-10-01T15:42:46+00:00 DEBUG Processing orders.
2017-10-01T15:42:49+00:00 DEBUG > &#8220;Order &ndash; October 1, 2017 @ 12:00 AM&#8221;Order Imported Successfully.
2017-10-01T15:42:49+00:00 DEBUG > Finished importing order 1359
2017-10-01T15:42:49+00:00 DEBUG Finished processing orders.
2017-10-01T15:42:49+00:00 DEBUG ---
2017-10-01T15:42:49+00:00 DEBUG Processing orders.
2017-10-01T15:42:52+00:00 DEBUG > &#8220;Order &ndash; October 1, 2017 @ 12:00 AM&#8221;Order Imported Successfully.
2017-10-01T15:42:52+00:00 DEBUG > Finished importing order 1360
2017-10-01T15:42:52+00:00 DEBUG Finished processing orders.
2017-10-01T15:42:52+00:00 DEBUG ---
2017-10-01T15:42:52+00:00 DEBUG Processing orders.
2017-10-01T15:42:56+00:00 DEBUG > &#8220;Order &ndash; October 1, 2017 @ 12:00 AM&#8221;Order Imported Successfully.
2017-10-01T15:42:56+00:00 DEBUG > Finished importing order 1361
2017-10-01T15:42:56+00:00 DEBUG Finished processing orders.
2017-10-01T15:42:56+00:00 DEBUG ---
2017-10-01T15:42:56+00:00 DEBUG Processing orders.
2017-10-01T15:42:59+00:00 DEBUG > &#8220;Order &ndash; October 1, 2017 @ 12:00 AM&#8221;Order Imported Successfully.
2017-10-01T15:42:59+00:00 DEBUG > Finished importing order 1362
2017-10-01T15:42:59+00:00 DEBUG Finished processing orders.
2017-10-01T15:42:59+00:00 DEBUG ---
2017-10-01T15:42:59+00:00 DEBUG Processing orders.
2017-10-01T15:43:02+00:00 DEBUG > &#8220;Order &ndash; October 1, 2017 @ 12:00 AM&#8221;Order Imported Successfully.
2017-10-01T15:43:02+00:00 DEBUG > Finished importing order 1363
2017-10-01T15:43:02+00:00 DEBUG Finished processing orders.
2017-10-01T15:43:02+00:00 DEBUG ---
2017-10-01T15:43:02+00:00 DEBUG Processing orders.
2017-10-01T15:43:05+00:00 DEBUG > &#8220;Order &ndash; October 1, 2017 @ 12:00 AM&#8221;Order Imported Successfully.
2017-10-01T15:43:05+00:00 DEBUG > Finished importing order 1364
2017-10-01T15:43:05+00:00 DEBUG Finished processing orders.
2017-10-01T15:43:05+00:00 DEBUG ---
2017-10-01T15:43:05+00:00 DEBUG Processing orders.
2017-10-01T15:43:08+00:00 DEBUG > &#8220;Order &ndash; October 1, 2017 @ 12:00 AM&#8221;Order Imported Successfully.
2017-10-01T15:43:08+00:00 DEBUG > Finished importing order 1365
2017-10-01T15:43:08+00:00 DEBUG Finished processing orders.
2017-10-01T15:43:08+00:00 DEBUG Finished processing Orders.
2017-10-01T15:43:09+00:00 DEBUG ---[ New Import ] PHP Memory: 256 MB, WP Memory: 256 MB
2017-10-01T15:43:09+00:00 DEBUG Parsing products CSV.
2017-10-01T15:43:09+00:00 DEBUG Finished parsing products CSV.
2017-10-01T15:43:09+00:00 DEBUG ---
2017-10-01T15:43:09+00:00 DEBUG Processing orders.
2017-10-01T15:43:09+00:00 DEBUG ---
2017-10-01T15:43:09+00:00 DEBUG Processing orders.
2017-10-01T15:43:12+00:00 DEBUG > &#8220;Order &ndash; October 1, 2017 @ 12:00 AM&#8221;Order Imported Successfully.
2017-10-01T15:43:12+00:00 DEBUG > Finished importing order 1366
2017-10-01T15:43:12+00:00 DEBUG Finished processing orders.
2017-10-01T15:43:12+00:00 DEBUG ---
2017-10-01T15:43:12+00:00 DEBUG Processing orders.
2017-10-01T15:43:16+00:00 DEBUG > &#8220;Order &ndash; October 1, 2017 @ 12:00 AM&#8221;Order Imported Successfully.
2017-10-01T15:43:16+00:00 DEBUG > Finished importing order 1367
2017-10-01T15:43:16+00:00 DEBUG Finished processing orders.
2017-10-01T15:43:16+00:00 DEBUG ---
2017-10-01T15:43:16+00:00 DEBUG Processing orders.
2017-10-01T15:43:19+00:00 DEBUG > &#8220;Order &ndash; October 1, 2017 @ 12:00 AM&#8221;Order Imported Successfully.
2017-10-01T15:43:19+00:00 DEBUG > Finished importing order 1368
2017-10-01T15:43:19+00:00 DEBUG Finished processing orders.
2017-10-01T15:43:19+00:00 DEBUG ---
2017-10-01T15:43:19+00:00 DEBUG Processing orders.
2017-10-01T15:43:22+00:00 DEBUG > &#8220;Order &ndash; October 1, 2017 @ 12:00 AM&#8221;Order Imported Successfully.
2017-10-01T15:43:22+00:00 DEBUG > Finished importing order 1369
2017-10-01T15:43:22+00:00 DEBUG Finished processing orders.
2017-10-01T15:43:22+00:00 DEBUG ---
2017-10-01T15:43:22+00:00 DEBUG Processing orders.
2017-10-01T15:43:25+00:00 DEBUG > &#8220;Order &ndash; October 1, 2017 @ 12:00 AM&#8221;Order Imported Successfully.
2017-10-01T15:43:25+00:00 DEBUG > Finished importing order 1370
2017-10-01T15:43:25+00:00 DEBUG Finished processing orders.
2017-10-01T15:43:25+00:00 DEBUG ---
2017-10-01T15:43:25+00:00 DEBUG Processing orders.
2017-10-01T15:43:29+00:00 DEBUG > &#8220;Order &ndash; October 1, 2017 @ 12:00 AM&#8221;Order Imported Successfully.
2017-10-01T15:43:29+00:00 DEBUG > Finished importing order 1371
2017-10-01T15:43:29+00:00 DEBUG Finished processing orders.
2017-10-01T15:43:29+00:00 DEBUG ---
2017-10-01T15:43:29+00:00 DEBUG Processing orders.
2017-10-01T15:43:32+00:00 DEBUG > &#8220;Order &ndash; October 1, 2017 @ 12:00 AM&#8221;Order Imported Successfully.
2017-10-01T15:43:32+00:00 DEBUG > Finished importing order 1372
2017-10-01T15:43:32+00:00 DEBUG Finished processing orders.
2017-10-01T15:43:32+00:00 DEBUG ---
2017-10-01T15:43:32+00:00 DEBUG Processing orders.
2017-10-01T15:43:35+00:00 DEBUG > &#8220;Order &ndash; October 1, 2017 @ 12:00 AM&#8221;Order Imported Successfully.
2017-10-01T15:43:35+00:00 DEBUG > Finished importing order 1373
2017-10-01T15:43:35+00:00 DEBUG Finished processing orders.
2017-10-01T15:43:35+00:00 DEBUG ---
2017-10-01T15:43:35+00:00 DEBUG Processing orders.
2017-10-01T15:43:37+00:00 DEBUG > &#8220;Order &ndash; October 1, 2017 @ 12:00 AM&#8221;Order Imported Successfully.
2017-10-01T15:43:37+00:00 DEBUG > Finished importing order 1374
2017-10-01T15:43:37+00:00 DEBUG Finished processing orders.
2017-10-01T15:43:37+00:00 DEBUG ---
2017-10-01T15:43:37+00:00 DEBUG Processing orders.
2017-10-01T15:43:40+00:00 DEBUG > &#8220;Order &ndash; October 1, 2017 @ 12:00 AM&#8221;Order Imported Successfully.
2017-10-01T15:43:40+00:00 DEBUG > Finished importing order 1375
2017-10-01T15:43:40+00:00 DEBUG Finished processing orders.
2017-10-01T15:43:40+00:00 DEBUG Finished processing Orders.
2017-10-01T15:43:42+00:00 DEBUG ---[ New Import ] PHP Memory: 256 MB, WP Memory: 256 MB
2017-10-01T15:43:42+00:00 DEBUG Parsing products CSV.
2017-10-01T15:43:42+00:00 DEBUG Finished parsing products CSV.
2017-10-01T15:43:42+00:00 DEBUG ---
2017-10-01T15:43:42+00:00 DEBUG Processing orders.
2017-10-01T15:43:42+00:00 DEBUG ---
2017-10-01T15:43:42+00:00 DEBUG Processing orders.
2017-10-01T15:43:45+00:00 DEBUG > &#8220;Order &ndash; October 1, 2017 @ 12:00 AM&#8221;Order Imported Successfully.
2017-10-01T15:43:45+00:00 DEBUG > Finished importing order 1376
2017-10-01T15:43:45+00:00 DEBUG Finished processing orders.
2017-10-01T15:43:45+00:00 DEBUG ---
2017-10-01T15:43:45+00:00 DEBUG Processing orders.
2017-10-01T15:43:48+00:00 DEBUG > &#8220;Order &ndash; October 1, 2017 @ 12:00 AM&#8221;Order Imported Successfully.
2017-10-01T15:43:48+00:00 DEBUG > Finished importing order 1377
2017-10-01T15:43:48+00:00 DEBUG Finished processing orders.
2017-10-01T15:43:48+00:00 DEBUG ---
2017-10-01T15:43:48+00:00 DEBUG Processing orders.
2017-10-01T15:43:52+00:00 DEBUG > &#8220;Order &ndash; October 1, 2017 @ 12:00 AM&#8221;Order Imported Successfully.
2017-10-01T15:43:52+00:00 DEBUG > Finished importing order 1378
2017-10-01T15:43:52+00:00 DEBUG Finished processing orders.
2017-10-01T15:43:52+00:00 DEBUG ---
2017-10-01T15:43:52+00:00 DEBUG Processing orders.
2017-10-01T15:43:55+00:00 DEBUG > &#8220;Order &ndash; October 1, 2017 @ 12:00 AM&#8221;Order Imported Successfully.
2017-10-01T15:43:55+00:00 DEBUG > Finished importing order 1379
2017-10-01T15:43:55+00:00 DEBUG Finished processing orders.
2017-10-01T15:43:55+00:00 DEBUG ---
2017-10-01T15:43:55+00:00 DEBUG Processing orders.
2017-10-01T15:43:58+00:00 DEBUG > &#8220;Order &ndash; October 1, 2017 @ 12:00 AM&#8221;Order Imported Successfully.
2017-10-01T15:43:58+00:00 DEBUG > Finished importing order 1380
2017-10-01T15:43:58+00:00 DEBUG Finished processing orders.
2017-10-01T15:43:58+00:00 DEBUG ---
2017-10-01T15:43:58+00:00 DEBUG Processing orders.
2017-10-01T15:44:01+00:00 DEBUG > &#8220;Order &ndash; October 1, 2017 @ 12:00 AM&#8221;Order Imported Successfully.
2017-10-01T15:44:01+00:00 DEBUG > Finished importing order 1381
2017-10-01T15:44:01+00:00 DEBUG Finished processing orders.
2017-10-01T15:44:01+00:00 DEBUG ---
2017-10-01T15:44:01+00:00 DEBUG Processing orders.
2017-10-01T15:44:05+00:00 DEBUG > &#8220;Order &ndash; October 1, 2017 @ 12:00 AM&#8221;Order Imported Successfully.
2017-10-01T15:44:05+00:00 DEBUG > Finished importing order 1383
2017-10-01T15:44:05+00:00 DEBUG Finished processing orders.
2017-10-01T15:44:05+00:00 DEBUG ---
2017-10-01T15:44:05+00:00 DEBUG Processing orders.
2017-10-01T15:44:07+00:00 DEBUG ---[ New Import ] PHP Memory: 256 MB, WP Memory: 256 MB
2017-10-01T15:44:07+00:00 DEBUG Parsing products CSV.
2017-10-01T15:44:07+00:00 DEBUG Finished parsing products CSV.
2017-10-01T15:44:07+00:00 DEBUG ---
2017-10-01T15:44:07+00:00 DEBUG Processing orders.
2017-10-01T15:44:07+00:00 DEBUG ---
2017-10-01T15:44:07+00:00 DEBUG Processing orders.
2017-10-01T15:44:08+00:00 DEBUG > &#8220;Order &ndash; October 1, 2017 @ 12:00 AM&#8221;Order Imported Successfully.
2017-10-01T15:44:08+00:00 DEBUG > Finished importing order 1384
2017-10-01T15:44:08+00:00 DEBUG Finished processing orders.
2017-10-01T15:44:08+00:00 DEBUG ---
2017-10-01T15:44:08+00:00 DEBUG Processing orders.
2017-10-01T15:44:10+00:00 DEBUG > &#8220;Order &ndash; October 1, 2017 @ 12:00 AM&#8221;Order Imported Successfully.
2017-10-01T15:44:10+00:00 DEBUG > Finished importing order 1385
2017-10-01T15:44:10+00:00 DEBUG Finished processing orders.
2017-10-01T15:44:10+00:00 DEBUG ---
2017-10-01T15:44:10+00:00 DEBUG Processing orders.
2017-10-01T15:44:11+00:00 DEBUG > &#8220;Order &ndash; October 1, 2017 @ 12:00 AM&#8221;Order Imported Successfully.
2017-10-01T15:44:11+00:00 DEBUG > Finished importing order 1386
2017-10-01T15:44:11+00:00 DEBUG Finished processing orders.
2017-10-01T15:44:11+00:00 DEBUG ---
2017-10-01T15:44:11+00:00 DEBUG Processing orders.
2017-10-01T15:44:13+00:00 DEBUG > &#8220;Order &ndash; October 1, 2017 @ 12:00 AM&#8221;Order Imported Successfully.
2017-10-01T15:44:13+00:00 DEBUG > Finished importing order 1387
2017-10-01T15:44:13+00:00 DEBUG Finished processing orders.
2017-10-01T15:44:13+00:00 DEBUG ---
2017-10-01T15:44:13+00:00 DEBUG Processing orders.
2017-10-01T15:44:14+00:00 DEBUG > &#8220;Order &ndash; October 1, 2017 @ 12:00 AM&#8221;Order Imported Successfully.
2017-10-01T15:44:14+00:00 DEBUG > Finished importing order 1388
2017-10-01T15:44:14+00:00 DEBUG Finished processing orders.
2017-10-01T15:44:14+00:00 DEBUG Finished processing Orders.
2017-10-01T15:44:16+00:00 DEBUG > &#8220;Order &ndash; October 1, 2017 @ 12:00 AM&#8221;Order Imported Successfully.
2017-10-01T15:44:16+00:00 DEBUG > Finished importing order 1389
2017-10-01T15:44:16+00:00 DEBUG Finished processing orders.
2017-10-01T15:44:16+00:00 DEBUG ---
2017-10-01T15:44:16+00:00 DEBUG Processing orders.
2017-10-01T15:44:19+00:00 DEBUG > &#8220;Order &ndash; October 1, 2017 @ 12:00 AM&#8221;Order Imported Successfully.
2017-10-01T15:44:19+00:00 DEBUG > Finished importing order 1390
2017-10-01T15:44:19+00:00 DEBUG Finished processing orders.
2017-10-01T15:44:19+00:00 DEBUG ---
2017-10-01T15:44:19+00:00 DEBUG Processing orders.
2017-10-01T15:44:22+00:00 DEBUG > &#8220;Order &ndash; October 1, 2017 @ 12:00 AM&#8221;Order Imported Successfully.
2017-10-01T15:44:22+00:00 DEBUG > Finished importing order 1391
2017-10-01T15:44:22+00:00 DEBUG Finished processing orders.
2017-10-01T15:44:22+00:00 DEBUG ---
2017-10-01T15:44:22+00:00 DEBUG Processing orders.
2017-10-01T15:44:25+00:00 DEBUG > &#8220;Order &ndash; October 1, 2017 @ 12:00 AM&#8221;Order Imported Successfully.
2017-10-01T15:44:25+00:00 DEBUG > Finished importing order 1392
2017-10-01T15:44:25+00:00 DEBUG Finished processing orders.
2017-10-01T15:44:25+00:00 DEBUG ---
2017-10-01T15:44:25+00:00 DEBUG Processing orders.
2017-10-01T15:44:29+00:00 DEBUG > &#8220;Order &ndash; October 1, 2017 @ 12:00 AM&#8221;Order Imported Successfully.
2017-10-01T15:44:29+00:00 DEBUG > Finished importing order 1393
2017-10-01T15:44:29+00:00 DEBUG Finished processing orders.
2017-10-01T15:44:29+00:00 DEBUG ---
2017-10-01T15:44:29+00:00 DEBUG Processing orders.
2017-10-01T15:44:32+00:00 DEBUG > &#8220;Order &ndash; October 1, 2017 @ 12:00 AM&#8221;Order Imported Successfully.
2017-10-01T15:44:32+00:00 DEBUG > Finished importing order 1394
2017-10-01T15:44:32+00:00 DEBUG Finished processing orders.
2017-10-01T15:44:32+00:00 DEBUG ---
2017-10-01T15:44:32+00:00 DEBUG Processing orders.
2017-10-01T15:44:34+00:00 DEBUG > &#8220;Order &ndash; October 1, 2017 @ 12:00 AM&#8221;Order Imported Successfully.
2017-10-01T15:44:34+00:00 DEBUG > Finished importing order 1395
2017-10-01T15:44:34+00:00 DEBUG Finished processing orders.
2017-10-01T15:44:34+00:00 DEBUG Finished processing Orders.
2017-10-01T15:56:19+00:00 DEBUG ---[ New Import ] PHP Memory: 256 MB, WP Memory: 256 MB
2017-10-01T15:56:19+00:00 DEBUG Parsing products CSV.
2017-10-01T15:56:19+00:00 DEBUG Finished parsing products CSV.
2017-10-01T15:56:19+00:00 DEBUG ---
2017-10-01T15:56:19+00:00 DEBUG Processing orders.
2017-10-01T15:56:19+00:00 DEBUG ---
2017-10-01T15:56:19+00:00 DEBUG Processing orders.
2017-10-01T15:56:22+00:00 DEBUG > &#8220;Order &ndash; October 1, 2017 @ 12:00 AM&#8221;Order Imported Successfully.
2017-10-01T15:56:22+00:00 DEBUG > Finished importing order 1397
2017-10-01T15:56:22+00:00 DEBUG Finished processing orders.
2017-10-01T15:56:22+00:00 DEBUG ---
2017-10-01T15:56:22+00:00 DEBUG Processing orders.
2017-10-01T15:56:26+00:00 DEBUG > &#8220;Order &ndash; October 1, 2017 @ 12:00 AM&#8221;Order Imported Successfully.
2017-10-01T15:56:26+00:00 DEBUG > Finished importing order 1398
2017-10-01T15:56:26+00:00 DEBUG Finished processing orders.
2017-10-01T15:56:26+00:00 DEBUG ---
2017-10-01T15:56:26+00:00 DEBUG Processing orders.
2017-10-01T15:56:29+00:00 DEBUG > &#8220;Order &ndash; October 1, 2017 @ 12:00 AM&#8221;Order Imported Successfully.
2017-10-01T15:56:29+00:00 DEBUG > Finished importing order 1399
2017-10-01T15:56:29+00:00 DEBUG Finished processing orders.
2017-10-01T15:56:29+00:00 DEBUG ---
2017-10-01T15:56:29+00:00 DEBUG Processing orders.
2017-10-01T15:56:32+00:00 DEBUG > &#8220;Order &ndash; October 1, 2017 @ 12:00 AM&#8221;Order Imported Successfully.
2017-10-01T15:56:32+00:00 DEBUG > Finished importing order 1400
2017-10-01T15:56:32+00:00 DEBUG Finished processing orders.
2017-10-01T15:56:32+00:00 DEBUG ---
2017-10-01T15:56:32+00:00 DEBUG Processing orders.
2017-10-01T15:56:35+00:00 DEBUG > &#8220;Order &ndash; October 1, 2017 @ 12:00 AM&#8221;Order Imported Successfully.
2017-10-01T15:56:35+00:00 DEBUG > Finished importing order 1401
2017-10-01T15:56:35+00:00 DEBUG Finished processing orders.
2017-10-01T15:56:35+00:00 DEBUG ---
2017-10-01T15:56:35+00:00 DEBUG Processing orders.
2017-10-01T15:56:38+00:00 DEBUG > &#8220;Order &ndash; October 1, 2017 @ 12:00 AM&#8221;Order Imported Successfully.
2017-10-01T15:56:38+00:00 DEBUG > Finished importing order 1402
2017-10-01T15:56:38+00:00 DEBUG Finished processing orders.
2017-10-01T15:56:38+00:00 DEBUG ---
2017-10-01T15:56:38+00:00 DEBUG Processing orders.
2017-10-01T15:56:41+00:00 DEBUG > &#8220;Order &ndash; October 1, 2017 @ 12:00 AM&#8221;Order Imported Successfully.
2017-10-01T15:56:41+00:00 DEBUG > Finished importing order 1403
2017-10-01T15:56:41+00:00 DEBUG Finished processing orders.
2017-10-01T15:56:41+00:00 DEBUG ---
2017-10-01T15:56:41+00:00 DEBUG Processing orders.
2017-10-01T15:56:45+00:00 DEBUG > &#8220;Order &ndash; October 1, 2017 @ 12:00 AM&#8221;Order Imported Successfully.
2017-10-01T15:56:45+00:00 DEBUG > Finished importing order 1404
2017-10-01T15:56:45+00:00 DEBUG Finished processing orders.
2017-10-01T15:56:45+00:00 DEBUG ---
2017-10-01T15:56:45+00:00 DEBUG Processing orders.
2017-10-01T15:56:48+00:00 DEBUG > &#8220;Order &ndash; October 1, 2017 @ 12:00 AM&#8221;Order Imported Successfully.
2017-10-01T15:56:48+00:00 DEBUG > Finished importing order 1405
2017-10-01T15:56:48+00:00 DEBUG Finished processing orders.
2017-10-01T15:56:48+00:00 DEBUG Finished processing Orders.
2017-10-01T15:56:49+00:00 DEBUG ---[ New Import ] PHP Memory: 256 MB, WP Memory: 256 MB
2017-10-01T15:56:49+00:00 DEBUG Parsing products CSV.
2017-10-01T15:56:49+00:00 DEBUG Finished parsing products CSV.
2017-10-01T15:56:49+00:00 DEBUG ---
2017-10-01T15:56:49+00:00 DEBUG Processing orders.
2017-10-01T15:56:49+00:00 DEBUG ---
2017-10-01T15:56:49+00:00 DEBUG Processing orders.
2017-10-01T15:56:50+00:00 DEBUG > &#8220;Order &ndash; October 1, 2017 @ 12:00 AM&#8221;Order Imported Successfully.
2017-10-01T15:56:50+00:00 DEBUG > Finished importing order 1406
2017-10-01T15:56:50+00:00 DEBUG Finished processing orders.
2017-10-01T15:56:50+00:00 DEBUG ---
2017-10-01T15:56:50+00:00 DEBUG Processing orders.
2017-10-01T15:56:51+00:00 DEBUG > &#8220;Order &ndash; October 1, 2017 @ 12:00 AM&#8221;Order Imported Successfully.
2017-10-01T15:56:51+00:00 DEBUG > Finished importing order 1407
2017-10-01T15:56:51+00:00 DEBUG Finished processing orders.
2017-10-01T15:56:51+00:00 DEBUG ---
2017-10-01T15:56:51+00:00 DEBUG Processing orders.
2017-10-01T15:56:51+00:00 DEBUG > &#8220;Order &ndash; October 1, 2017 @ 12:00 AM&#8221;Order Imported Successfully.
2017-10-01T15:56:51+00:00 DEBUG > Finished importing order 1408
2017-10-01T15:56:51+00:00 DEBUG Finished processing orders.
2017-10-01T15:56:51+00:00 DEBUG ---
2017-10-01T15:56:51+00:00 DEBUG Processing orders.
2017-10-01T15:56:52+00:00 DEBUG > &#8220;Order &ndash; October 1, 2017 @ 12:00 AM&#8221;Order Imported Successfully.
2017-10-01T15:56:52+00:00 DEBUG > Finished importing order 1409
2017-10-01T15:56:52+00:00 DEBUG Finished processing orders.
2017-10-01T15:56:52+00:00 DEBUG ---
2017-10-01T15:56:52+00:00 DEBUG Processing orders.
2017-10-01T15:56:53+00:00 DEBUG > &#8220;Order &ndash; October 1, 2017 @ 12:00 AM&#8221;Order Imported Successfully.
2017-10-01T15:56:53+00:00 DEBUG > Finished importing order 1410
2017-10-01T15:56:53+00:00 DEBUG Finished processing orders.
2017-10-01T15:56:53+00:00 DEBUG ---
2017-10-01T15:56:53+00:00 DEBUG Processing orders.
2017-10-01T15:56:53+00:00 DEBUG > &#8220;Order &ndash; October 1, 2017 @ 12:00 AM&#8221;Order Imported Successfully.
2017-10-01T15:56:53+00:00 DEBUG > Finished importing order 1411
2017-10-01T15:56:53+00:00 DEBUG Finished processing orders.
2017-10-01T15:56:53+00:00 DEBUG ---
2017-10-01T15:56:53+00:00 DEBUG Processing orders.
2017-10-01T15:56:54+00:00 DEBUG > &#8220;Order &ndash; October 1, 2017 @ 12:00 AM&#8221;Order Imported Successfully.
2017-10-01T15:56:54+00:00 DEBUG > Finished importing order 1412
2017-10-01T15:56:54+00:00 DEBUG Finished processing orders.
2017-10-01T15:56:54+00:00 DEBUG ---
2017-10-01T15:56:54+00:00 DEBUG Processing orders.
2017-10-01T15:56:55+00:00 DEBUG > &#8220;Order &ndash; October 1, 2017 @ 12:00 AM&#8221;Order Imported Successfully.
2017-10-01T15:56:55+00:00 DEBUG > Finished importing order 1413
2017-10-01T15:56:55+00:00 DEBUG Finished processing orders.
2017-10-01T15:56:55+00:00 DEBUG ---
2017-10-01T15:56:55+00:00 DEBUG Processing orders.
2017-10-01T15:56:56+00:00 DEBUG > &#8220;Order &ndash; October 1, 2017 @ 12:00 AM&#8221;Order Imported Successfully.
2017-10-01T15:56:56+00:00 DEBUG > Finished importing order 1414
2017-10-01T15:56:56+00:00 DEBUG Finished processing orders.
2017-10-01T15:56:56+00:00 DEBUG ---
2017-10-01T15:56:56+00:00 DEBUG Processing orders.
2017-10-01T15:56:57+00:00 DEBUG > &#8220;Order &ndash; October 1, 2017 @ 12:00 AM&#8221;Order Imported Successfully.
2017-10-01T15:56:57+00:00 DEBUG > Finished importing order 1415
2017-10-01T15:56:57+00:00 DEBUG Finished processing orders.
2017-10-01T15:56:57+00:00 DEBUG Finished processing Orders.
2017-10-01T15:56:58+00:00 DEBUG ---[ New Import ] PHP Memory: 256 MB, WP Memory: 256 MB
2017-10-01T15:56:58+00:00 DEBUG Parsing products CSV.
2017-10-01T15:56:58+00:00 DEBUG Finished parsing products CSV.
2017-10-01T15:56:58+00:00 DEBUG ---
2017-10-01T15:56:58+00:00 DEBUG Processing orders.
2017-10-01T15:56:58+00:00 DEBUG ---
2017-10-01T15:56:58+00:00 DEBUG Processing orders.
2017-10-01T15:56:59+00:00 DEBUG > &#8220;Order &ndash; October 1, 2017 @ 12:00 AM&#8221;Order Imported Successfully.
2017-10-01T15:56:59+00:00 DEBUG > Finished importing order 1416
2017-10-01T15:56:59+00:00 DEBUG Finished processing orders.
2017-10-01T15:56:59+00:00 DEBUG ---
2017-10-01T15:56:59+00:00 DEBUG Processing orders.
2017-10-01T15:57:00+00:00 DEBUG > &#8220;Order &ndash; October 1, 2017 @ 12:00 AM&#8221;Order Imported Successfully.
2017-10-01T15:57:00+00:00 DEBUG > Finished importing order 1417
2017-10-01T15:57:00+00:00 DEBUG Finished processing orders.
2017-10-01T15:57:00+00:00 DEBUG ---
2017-10-01T15:57:00+00:00 DEBUG Processing orders.
2017-10-01T15:57:00+00:00 DEBUG > &#8220;Order &ndash; October 1, 2017 @ 12:00 AM&#8221;Order Imported Successfully.
2017-10-01T15:57:00+00:00 DEBUG > Finished importing order 1418
2017-10-01T15:57:00+00:00 DEBUG Finished processing orders.
2017-10-01T15:57:00+00:00 DEBUG ---
2017-10-01T15:57:00+00:00 DEBUG Processing orders.
2017-10-01T15:57:01+00:00 DEBUG > &#8220;Order &ndash; October 1, 2017 @ 12:00 AM&#8221;Order Imported Successfully.
2017-10-01T15:57:01+00:00 DEBUG > Finished importing order 1419
2017-10-01T15:57:01+00:00 DEBUG Finished processing orders.
2017-10-01T15:57:01+00:00 DEBUG ---
2017-10-01T15:57:01+00:00 DEBUG Processing orders.
2017-10-01T15:57:02+00:00 DEBUG > &#8220;Order &ndash; October 1, 2017 @ 12:00 AM&#8221;Order Imported Successfully.
2017-10-01T15:57:02+00:00 DEBUG > Finished importing order 1420
2017-10-01T15:57:02+00:00 DEBUG Finished processing orders.
2017-10-01T15:57:02+00:00 DEBUG ---
2017-10-01T15:57:02+00:00 DEBUG Processing orders.
2017-10-01T15:57:03+00:00 DEBUG > &#8220;Order &ndash; October 1, 2017 @ 12:00 AM&#8221;Order Imported Successfully.
2017-10-01T15:57:03+00:00 DEBUG > Finished importing order 1421
2017-10-01T15:57:03+00:00 DEBUG Finished processing orders.
2017-10-01T15:57:03+00:00 DEBUG ---
2017-10-01T15:57:03+00:00 DEBUG Processing orders.
2017-10-01T15:57:04+00:00 DEBUG > &#8220;Order &ndash; October 1, 2017 @ 12:00 AM&#8221;Order Imported Successfully.
2017-10-01T15:57:04+00:00 DEBUG > Finished importing order 1422
2017-10-01T15:57:04+00:00 DEBUG Finished processing orders.
2017-10-01T15:57:04+00:00 DEBUG ---
2017-10-01T15:57:04+00:00 DEBUG Processing orders.
2017-10-01T15:57:04+00:00 DEBUG > &#8220;Order &ndash; October 1, 2017 @ 12:00 AM&#8221;Order Imported Successfully.
2017-10-01T15:57:04+00:00 DEBUG > Finished importing order 1423
2017-10-01T15:57:04+00:00 DEBUG Finished processing orders.
2017-10-01T15:57:04+00:00 DEBUG ---
2017-10-01T15:57:04+00:00 DEBUG Processing orders.
2017-10-01T15:57:05+00:00 DEBUG > &#8220;Order &ndash; October 1, 2017 @ 12:00 AM&#8221;Order Imported Successfully.
2017-10-01T15:57:05+00:00 DEBUG > Finished importing order 1424
2017-10-01T15:57:05+00:00 DEBUG Finished processing orders.
2017-10-01T15:57:05+00:00 DEBUG ---
2017-10-01T15:57:05+00:00 DEBUG Processing orders.
2017-10-01T15:57:06+00:00 DEBUG > &#8220;Order &ndash; October 1, 2017 @ 12:00 AM&#8221;Order Imported Successfully.
2017-10-01T15:57:06+00:00 DEBUG > Finished importing order 1425
2017-10-01T15:57:06+00:00 DEBUG Finished processing orders.
2017-10-01T15:57:06+00:00 DEBUG Finished processing Orders.
2017-10-01T15:57:07+00:00 DEBUG ---[ New Import ] PHP Memory: 256 MB, WP Memory: 256 MB
2017-10-01T15:57:07+00:00 DEBUG Parsing products CSV.
2017-10-01T15:57:07+00:00 DEBUG Finished parsing products CSV.
2017-10-01T15:57:07+00:00 DEBUG ---
2017-10-01T15:57:07+00:00 DEBUG Processing orders.
2017-10-01T15:57:07+00:00 DEBUG ---
2017-10-01T15:57:07+00:00 DEBUG Processing orders.
2017-10-01T15:57:08+00:00 DEBUG > &#8220;Order &ndash; October 1, 2017 @ 12:00 AM&#8221;Order Imported Successfully.
2017-10-01T15:57:08+00:00 DEBUG > Finished importing order 1426
2017-10-01T15:57:08+00:00 DEBUG Finished processing orders.
2017-10-01T15:57:08+00:00 DEBUG ---
2017-10-01T15:57:08+00:00 DEBUG Processing orders.
2017-10-01T15:57:09+00:00 DEBUG > &#8220;Order &ndash; October 1, 2017 @ 12:00 AM&#8221;Order Imported Successfully.
2017-10-01T15:57:09+00:00 DEBUG > Finished importing order 1427
2017-10-01T15:57:09+00:00 DEBUG Finished processing orders.
2017-10-01T15:57:09+00:00 DEBUG ---
2017-10-01T15:57:09+00:00 DEBUG Processing orders.
2017-10-01T15:57:10+00:00 DEBUG > &#8220;Order &ndash; October 1, 2017 @ 12:00 AM&#8221;Order Imported Successfully.
2017-10-01T15:57:10+00:00 DEBUG > Finished importing order 1428
2017-10-01T15:57:10+00:00 DEBUG Finished processing orders.
2017-10-01T15:57:10+00:00 DEBUG ---
2017-10-01T15:57:10+00:00 DEBUG Processing orders.
2017-10-01T15:57:10+00:00 DEBUG > &#8220;Order &ndash; October 1, 2017 @ 12:00 AM&#8221;Order Imported Successfully.
2017-10-01T15:57:10+00:00 DEBUG > Finished importing order 1429
2017-10-01T15:57:10+00:00 DEBUG Finished processing orders.
2017-10-01T15:57:10+00:00 DEBUG ---
2017-10-01T15:57:10+00:00 DEBUG Processing orders.
2017-10-01T15:57:11+00:00 DEBUG > &#8220;Order &ndash; October 1, 2017 @ 12:00 AM&#8221;Order Imported Successfully.
2017-10-01T15:57:11+00:00 DEBUG > Finished importing order 1430
2017-10-01T15:57:11+00:00 DEBUG Finished processing orders.
2017-10-01T15:57:11+00:00 DEBUG ---
2017-10-01T15:57:11+00:00 DEBUG Processing orders.
2017-10-01T15:57:12+00:00 DEBUG > &#8220;Order &ndash; October 1, 2017 @ 12:00 AM&#8221;Order Imported Successfully.
2017-10-01T15:57:12+00:00 DEBUG > Finished importing order 1431
2017-10-01T15:57:12+00:00 DEBUG Finished processing orders.
2017-10-01T15:57:12+00:00 DEBUG ---
2017-10-01T15:57:12+00:00 DEBUG Processing orders.
2017-10-01T15:57:12+00:00 DEBUG > &#8220;Order &ndash; October 1, 2017 @ 12:00 AM&#8221;Order Imported Successfully.
2017-10-01T15:57:12+00:00 DEBUG > Finished importing order 1432
2017-10-01T15:57:12+00:00 DEBUG Finished processing orders.
2017-10-01T15:57:12+00:00 DEBUG ---
2017-10-01T15:57:12+00:00 DEBUG Processing orders.
2017-10-01T15:57:13+00:00 DEBUG > &#8220;Order &ndash; October 1, 2017 @ 12:00 AM&#8221;Order Imported Successfully.
2017-10-01T15:57:13+00:00 DEBUG > Finished importing order 1433
2017-10-01T15:57:13+00:00 DEBUG Finished processing orders.
2017-10-01T15:57:13+00:00 DEBUG ---
2017-10-01T15:57:13+00:00 DEBUG Processing orders.
2017-10-01T15:57:14+00:00 DEBUG > &#8220;Order &ndash; October 1, 2017 @ 12:00 AM&#8221;Order Imported Successfully.
2017-10-01T15:57:14+00:00 DEBUG > Finished importing order 1434
2017-10-01T15:57:14+00:00 DEBUG Finished processing orders.
2017-10-01T15:57:14+00:00 DEBUG ---
2017-10-01T15:57:14+00:00 DEBUG Processing orders.
2017-10-01T15:57:15+00:00 DEBUG > &#8220;Order &ndash; October 1, 2017 @ 12:00 AM&#8221;Order Imported Successfully.
2017-10-01T15:57:15+00:00 DEBUG > Finished importing order 1435
2017-10-01T15:57:15+00:00 DEBUG Finished processing orders.
2017-10-01T15:57:15+00:00 DEBUG Finished processing Orders.
2017-10-01T15:57:16+00:00 DEBUG ---[ New Import ] PHP Memory: 256 MB, WP Memory: 256 MB
2017-10-01T15:57:16+00:00 DEBUG Parsing products CSV.
2017-10-01T15:57:16+00:00 DEBUG Finished parsing products CSV.
2017-10-01T15:57:16+00:00 DEBUG ---
2017-10-01T15:57:16+00:00 DEBUG Processing orders.
2017-10-01T15:57:16+00:00 DEBUG ---
2017-10-01T15:57:16+00:00 DEBUG Processing orders.
2017-10-01T15:57:17+00:00 DEBUG > &#8220;Order &ndash; October 1, 2017 @ 12:00 AM&#8221;Order Imported Successfully.
2017-10-01T15:57:17+00:00 DEBUG > Finished importing order 1436
2017-10-01T15:57:17+00:00 DEBUG Finished processing orders.
2017-10-01T15:57:17+00:00 DEBUG ---
2017-10-01T15:57:17+00:00 DEBUG Processing orders.
2017-10-01T15:57:18+00:00 DEBUG > &#8220;Order &ndash; October 1, 2017 @ 12:00 AM&#8221;Order Imported Successfully.
2017-10-01T15:57:18+00:00 DEBUG > Finished importing order 1437
2017-10-01T15:57:18+00:00 DEBUG Finished processing orders.
2017-10-01T15:57:18+00:00 DEBUG ---
2017-10-01T15:57:18+00:00 DEBUG Processing orders.
2017-10-01T15:57:19+00:00 DEBUG > &#8220;Order &ndash; October 1, 2017 @ 12:00 AM&#8221;Order Imported Successfully.
2017-10-01T15:57:19+00:00 DEBUG > Finished importing order 1438
2017-10-01T15:57:19+00:00 DEBUG Finished processing orders.
2017-10-01T15:57:19+00:00 DEBUG ---
2017-10-01T15:57:19+00:00 DEBUG Processing orders.
2017-10-01T15:57:19+00:00 DEBUG > &#8220;Order &ndash; October 1, 2017 @ 12:00 AM&#8221;Order Imported Successfully.
2017-10-01T15:57:19+00:00 DEBUG > Finished importing order 1439
2017-10-01T15:57:19+00:00 DEBUG Finished processing orders.
2017-10-01T15:57:19+00:00 DEBUG ---
2017-10-01T15:57:19+00:00 DEBUG Processing orders.
2017-10-01T15:57:20+00:00 DEBUG > &#8220;Order &ndash; October 1, 2017 @ 12:00 AM&#8221;Order Imported Successfully.
2017-10-01T15:57:20+00:00 DEBUG > Finished importing order 1440
2017-10-01T15:57:20+00:00 DEBUG Finished processing orders.
2017-10-01T15:57:20+00:00 DEBUG ---
2017-10-01T15:57:20+00:00 DEBUG Processing orders.
2017-10-01T15:57:21+00:00 DEBUG > &#8220;Order &ndash; October 1, 2017 @ 12:00 AM&#8221;Order Imported Successfully.
2017-10-01T15:57:21+00:00 DEBUG > Finished importing order 1441
2017-10-01T15:57:21+00:00 DEBUG Finished processing orders.
2017-10-01T15:57:21+00:00 DEBUG ---
2017-10-01T15:57:21+00:00 DEBUG Processing orders.
2017-10-01T15:57:22+00:00 DEBUG > &#8220;Order &ndash; October 1, 2017 @ 12:00 AM&#8221;Order Imported Successfully.
2017-10-01T15:57:22+00:00 DEBUG > Finished importing order 1442
2017-10-01T15:57:22+00:00 DEBUG Finished processing orders.
2017-10-01T15:57:22+00:00 DEBUG ---
2017-10-01T15:57:22+00:00 DEBUG Processing orders.
2017-10-01T15:57:23+00:00 DEBUG > &#8220;Order &ndash; October 1, 2017 @ 12:00 AM&#8221;Order Imported Successfully.
2017-10-01T15:57:23+00:00 DEBUG > Finished importing order 1443
2017-10-01T15:57:23+00:00 DEBUG Finished processing orders.
2017-10-01T15:57:23+00:00 DEBUG ---
2017-10-01T15:57:23+00:00 DEBUG Processing orders.
2017-10-01T15:57:24+00:00 DEBUG > &#8220;Order &ndash; October 1, 2017 @ 12:00 AM&#8221;Order Imported Successfully.
2017-10-01T15:57:24+00:00 DEBUG > Finished importing order 1444
2017-10-01T15:57:24+00:00 DEBUG Finished processing orders.
2017-10-01T15:57:24+00:00 DEBUG ---
2017-10-01T15:57:24+00:00 DEBUG Processing orders.
2017-10-01T15:57:24+00:00 DEBUG > &#8220;Order &ndash; October 1, 2017 @ 12:00 AM&#8221;Order Imported Successfully.
2017-10-01T15:57:24+00:00 DEBUG > Finished importing order 1445
2017-10-01T15:57:24+00:00 DEBUG Finished processing orders.
2017-10-01T15:57:24+00:00 DEBUG Finished processing Orders.
2017-10-01T15:57:56+00:00 DEBUG ---[ New Import ] PHP Memory: 256 MB, WP Memory: 256 MB
2017-10-01T15:57:56+00:00 DEBUG Parsing products CSV.
2017-10-01T15:57:56+00:00 DEBUG Finished parsing products CSV.
2017-10-01T15:57:56+00:00 DEBUG ---
2017-10-01T15:57:56+00:00 DEBUG Processing orders.
2017-10-01T15:57:56+00:00 DEBUG ---
2017-10-01T15:57:56+00:00 DEBUG Processing orders.
2017-10-01T15:57:57+00:00 DEBUG > &#8220;Order &ndash; October 1, 2017 @ 12:00 AM&#8221;Order Imported Successfully.
2017-10-01T15:57:57+00:00 DEBUG > Finished importing order 1446
2017-10-01T15:57:57+00:00 DEBUG Finished processing orders.
2017-10-01T15:57:57+00:00 DEBUG ---
2017-10-01T15:57:57+00:00 DEBUG Processing orders.
2017-10-01T15:57:58+00:00 DEBUG > &#8220;Order &ndash; October 1, 2017 @ 12:00 AM&#8221;Order Imported Successfully.
2017-10-01T15:57:58+00:00 DEBUG > Finished importing order 1447
2017-10-01T15:57:58+00:00 DEBUG Finished processing orders.
2017-10-01T15:57:58+00:00 DEBUG ---
2017-10-01T15:57:58+00:00 DEBUG Processing orders.
2017-10-01T15:57:58+00:00 DEBUG > &#8220;Order &ndash; October 1, 2017 @ 12:00 AM&#8221;Order Imported Successfully.
2017-10-01T15:57:58+00:00 DEBUG > Finished importing order 1448
2017-10-01T15:57:58+00:00 DEBUG Finished processing orders.
2017-10-01T15:57:59+00:00 DEBUG ---
2017-10-01T15:57:59+00:00 DEBUG Processing orders.
2017-10-01T15:57:59+00:00 DEBUG > &#8220;Order &ndash; October 1, 2017 @ 12:00 AM&#8221;Order Imported Successfully.
2017-10-01T15:57:59+00:00 DEBUG > Finished importing order 1449
2017-10-01T15:57:59+00:00 DEBUG Finished processing orders.
2017-10-01T15:57:59+00:00 DEBUG ---
2017-10-01T15:57:59+00:00 DEBUG Processing orders.
2017-10-01T15:58:00+00:00 DEBUG > &#8220;Order &ndash; October 1, 2017 @ 12:00 AM&#8221;Order Imported Successfully.
2017-10-01T15:58:00+00:00 DEBUG > Finished importing order 1450
2017-10-01T15:58:00+00:00 DEBUG Finished processing orders.
2017-10-01T15:58:00+00:00 DEBUG ---
2017-10-01T15:58:00+00:00 DEBUG Processing orders.
2017-10-01T15:58:01+00:00 DEBUG > &#8220;Order &ndash; October 1, 2017 @ 12:00 AM&#8221;Order Imported Successfully.
2017-10-01T15:58:01+00:00 DEBUG > Finished importing order 1451
2017-10-01T15:58:01+00:00 DEBUG Finished processing orders.
2017-10-01T15:58:01+00:00 DEBUG ---
2017-10-01T15:58:01+00:00 DEBUG Processing orders.
2017-10-01T15:58:02+00:00 DEBUG > &#8220;Order &ndash; October 1, 2017 @ 12:00 AM&#8221;Order Imported Successfully.
2017-10-01T15:58:02+00:00 DEBUG > Finished importing order 1452
2017-10-01T15:58:02+00:00 DEBUG Finished processing orders.
2017-10-01T15:58:02+00:00 DEBUG ---
2017-10-01T15:58:02+00:00 DEBUG Processing orders.
2017-10-01T15:58:03+00:00 DEBUG > &#8220;Order &ndash; October 1, 2017 @ 12:00 AM&#8221;Order Imported Successfully.
2017-10-01T15:58:03+00:00 DEBUG > Finished importing order 1453
2017-10-01T15:58:03+00:00 DEBUG Finished processing orders.
2017-10-01T15:58:03+00:00 DEBUG ---
2017-10-01T15:58:03+00:00 DEBUG Processing orders.
2017-10-01T15:58:04+00:00 DEBUG > &#8220;Order &ndash; October 1, 2017 @ 12:00 AM&#8221;Order Imported Successfully.
2017-10-01T15:58:04+00:00 DEBUG > Finished importing order 1454
2017-10-01T15:58:04+00:00 DEBUG Finished processing orders.
2017-10-01T15:58:04+00:00 DEBUG ---
2017-10-01T15:58:04+00:00 DEBUG Processing orders.
2017-10-01T15:58:05+00:00 DEBUG > &#8220;Order &ndash; October 1, 2017 @ 12:00 AM&#8221;Order Imported Successfully.
2017-10-01T15:58:05+00:00 DEBUG > Finished importing order 1455
2017-10-01T15:58:05+00:00 DEBUG Finished processing orders.
2017-10-01T15:58:05+00:00 DEBUG Finished processing Orders.
2017-10-01T15:58:06+00:00 DEBUG ---[ New Import ] PHP Memory: 256 MB, WP Memory: 256 MB
2017-10-01T15:58:06+00:00 DEBUG Parsing products CSV.
2017-10-01T15:58:06+00:00 DEBUG Finished parsing products CSV.
2017-10-01T15:58:06+00:00 DEBUG ---
2017-10-01T15:58:06+00:00 DEBUG Processing orders.
2017-10-01T15:58:06+00:00 DEBUG ---
2017-10-01T15:58:06+00:00 DEBUG Processing orders.
2017-10-01T15:58:07+00:00 DEBUG > &#8220;Order &ndash; October 1, 2017 @ 12:00 AM&#8221;Order Imported Successfully.
2017-10-01T15:58:07+00:00 DEBUG > Finished importing order 1456
2017-10-01T15:58:07+00:00 DEBUG Finished processing orders.
2017-10-01T15:58:07+00:00 DEBUG ---
2017-10-01T15:58:07+00:00 DEBUG Processing orders.
2017-10-01T15:58:08+00:00 DEBUG > &#8220;Order &ndash; October 1, 2017 @ 12:00 AM&#8221;Order Imported Successfully.
2017-10-01T15:58:08+00:00 DEBUG > Finished importing order 1457
2017-10-01T15:58:08+00:00 DEBUG Finished processing orders.
2017-10-01T15:58:08+00:00 DEBUG ---
2017-10-01T15:58:08+00:00 DEBUG Processing orders.
2017-10-01T15:58:08+00:00 DEBUG > &#8220;Order &ndash; October 1, 2017 @ 12:00 AM&#8221;Order Imported Successfully.
2017-10-01T15:58:08+00:00 DEBUG > Finished importing order 1458
2017-10-01T15:58:08+00:00 DEBUG Finished processing orders.
2017-10-01T15:58:08+00:00 DEBUG ---
2017-10-01T15:58:08+00:00 DEBUG Processing orders.
2017-10-01T15:58:09+00:00 DEBUG > &#8220;Order &ndash; October 1, 2017 @ 12:00 AM&#8221;Order Imported Successfully.
2017-10-01T15:58:09+00:00 DEBUG > Finished importing order 1459
2017-10-01T15:58:09+00:00 DEBUG Finished processing orders.
2017-10-01T15:58:09+00:00 DEBUG ---
2017-10-01T15:58:09+00:00 DEBUG Processing orders.
2017-10-01T15:58:10+00:00 DEBUG > &#8220;Order &ndash; October 1, 2017 @ 12:00 AM&#8221;Order Imported Successfully.
2017-10-01T15:58:10+00:00 DEBUG > Finished importing order 1460
2017-10-01T15:58:10+00:00 DEBUG Finished processing orders.
2017-10-01T15:58:10+00:00 DEBUG ---
2017-10-01T15:58:10+00:00 DEBUG Processing orders.
2017-10-01T15:58:11+00:00 DEBUG > &#8220;Order &ndash; October 1, 2017 @ 12:00 AM&#8221;Order Imported Successfully.
2017-10-01T15:58:11+00:00 DEBUG > Finished importing order 1461
2017-10-01T15:58:11+00:00 DEBUG Finished processing orders.
2017-10-01T15:58:11+00:00 DEBUG ---
2017-10-01T15:58:11+00:00 DEBUG Processing orders.
2017-10-01T15:58:12+00:00 DEBUG > &#8220;Order &ndash; October 1, 2017 @ 12:00 AM&#8221;Order Imported Successfully.
2017-10-01T15:58:12+00:00 DEBUG > Finished importing order 1462
2017-10-01T15:58:12+00:00 DEBUG Finished processing orders.
2017-10-01T15:58:12+00:00 DEBUG ---
2017-10-01T15:58:12+00:00 DEBUG Processing orders.
2017-10-01T15:58:13+00:00 DEBUG > &#8220;Order &ndash; October 1, 2017 @ 12:00 AM&#8221;Order Imported Successfully.
2017-10-01T15:58:13+00:00 DEBUG > Finished importing order 1463
2017-10-01T15:58:13+00:00 DEBUG Finished processing orders.
2017-10-01T15:58:13+00:00 DEBUG ---
2017-10-01T15:58:13+00:00 DEBUG Processing orders.
2017-10-01T15:58:14+00:00 DEBUG > &#8220;Order &ndash; October 1, 2017 @ 12:00 AM&#8221;Order Imported Successfully.
2017-10-01T15:58:14+00:00 DEBUG > Finished importing order 1464
2017-10-01T15:58:14+00:00 DEBUG Finished processing orders.
2017-10-01T15:58:14+00:00 DEBUG ---
2017-10-01T15:58:14+00:00 DEBUG Processing orders.
2017-10-01T15:58:14+00:00 DEBUG > &#8220;Order &ndash; October 1, 2017 @ 12:00 AM&#8221;Order Imported Successfully.
2017-10-01T15:58:14+00:00 DEBUG > Finished importing order 1465
2017-10-01T15:58:14+00:00 DEBUG Finished processing orders.
2017-10-01T15:58:14+00:00 DEBUG Finished processing Orders.
2017-10-01T15:58:16+00:00 DEBUG ---[ New Import ] PHP Memory: 256 MB, WP Memory: 256 MB
2017-10-01T15:58:16+00:00 DEBUG Parsing products CSV.
2017-10-01T15:58:16+00:00 DEBUG Finished parsing products CSV.
2017-10-01T15:58:16+00:00 DEBUG ---
2017-10-01T15:58:16+00:00 DEBUG Processing orders.
2017-10-01T15:58:16+00:00 DEBUG ---
2017-10-01T15:58:16+00:00 DEBUG Processing orders.
2017-10-01T15:58:17+00:00 DEBUG > &#8220;Order &ndash; October 1, 2017 @ 12:00 AM&#8221;Order Imported Successfully.
2017-10-01T15:58:17+00:00 DEBUG > Finished importing order 1466
2017-10-01T15:58:17+00:00 DEBUG Finished processing orders.
2017-10-01T15:58:17+00:00 DEBUG ---
2017-10-01T15:58:17+00:00 DEBUG Processing orders.
2017-10-01T15:58:18+00:00 DEBUG > &#8220;Order &ndash; October 1, 2017 @ 12:00 AM&#8221;Order Imported Successfully.
2017-10-01T15:58:18+00:00 DEBUG > Finished importing order 1467
2017-10-01T15:58:18+00:00 DEBUG Finished processing orders.
2017-10-01T15:58:18+00:00 DEBUG ---
2017-10-01T15:58:18+00:00 DEBUG Processing orders.
2017-10-01T15:58:19+00:00 DEBUG > &#8220;Order &ndash; October 1, 2017 @ 12:00 AM&#8221;Order Imported Successfully.
2017-10-01T15:58:19+00:00 DEBUG > Finished importing order 1468
2017-10-01T15:58:19+00:00 DEBUG Finished processing orders.
2017-10-01T15:58:19+00:00 DEBUG ---
2017-10-01T15:58:19+00:00 DEBUG Processing orders.
2017-10-01T15:58:20+00:00 DEBUG > &#8220;Order &ndash; October 1, 2017 @ 12:00 AM&#8221;Order Imported Successfully.
2017-10-01T15:58:20+00:00 DEBUG > Finished importing order 1469
2017-10-01T15:58:20+00:00 DEBUG Finished processing orders.
2017-10-01T15:58:20+00:00 DEBUG ---
2017-10-01T15:58:20+00:00 DEBUG Processing orders.
2017-10-01T15:58:21+00:00 DEBUG > &#8220;Order &ndash; October 1, 2017 @ 12:00 AM&#8221;Order Imported Successfully.
2017-10-01T15:58:21+00:00 DEBUG > Finished importing order 1470
2017-10-01T15:58:21+00:00 DEBUG Finished processing orders.
2017-10-01T15:58:21+00:00 DEBUG ---
2017-10-01T15:58:21+00:00 DEBUG Processing orders.
2017-10-01T15:58:22+00:00 DEBUG > &#8220;Order &ndash; October 1, 2017 @ 12:00 AM&#8221;Order Imported Successfully.
2017-10-01T15:58:22+00:00 DEBUG > Finished importing order 1471
2017-10-01T15:58:22+00:00 DEBUG Finished processing orders.
2017-10-01T15:58:22+00:00 DEBUG ---
2017-10-01T15:58:22+00:00 DEBUG Processing orders.
2017-10-01T15:58:23+00:00 DEBUG > &#8220;Order &ndash; October 1, 2017 @ 12:00 AM&#8221;Order Imported Successfully.
2017-10-01T15:58:23+00:00 DEBUG > Finished importing order 1472
2017-10-01T15:58:23+00:00 DEBUG Finished processing orders.
2017-10-01T15:58:23+00:00 DEBUG ---
2017-10-01T15:58:23+00:00 DEBUG Processing orders.
2017-10-01T15:58:23+00:00 DEBUG > &#8220;Order &ndash; October 1, 2017 @ 12:00 AM&#8221;Order Imported Successfully.
2017-10-01T15:58:23+00:00 DEBUG > Finished importing order 1473
2017-10-01T15:58:23+00:00 DEBUG Finished processing orders.
2017-10-01T15:58:23+00:00 DEBUG ---
2017-10-01T15:58:23+00:00 DEBUG Processing orders.
2017-10-01T15:58:25+00:00 DEBUG > &#8220;Order &ndash; October 1, 2017 @ 12:00 AM&#8221;Order Imported Successfully.
2017-10-01T15:58:25+00:00 DEBUG > Finished importing order 1474
2017-10-01T15:58:25+00:00 DEBUG Finished processing orders.
2017-10-01T15:58:25+00:00 DEBUG ---
2017-10-01T15:58:25+00:00 DEBUG Processing orders.
2017-10-01T15:58:26+00:00 DEBUG > &#8220;Order &ndash; October 1, 2017 @ 12:00 AM&#8221;Order Imported Successfully.
2017-10-01T15:58:26+00:00 DEBUG > Finished importing order 1475
2017-10-01T15:58:26+00:00 DEBUG Finished processing orders.
2017-10-01T15:58:26+00:00 DEBUG Finished processing Orders.
2017-10-01T15:58:27+00:00 DEBUG ---[ New Import ] PHP Memory: 256 MB, WP Memory: 256 MB
2017-10-01T15:58:27+00:00 DEBUG Parsing products CSV.
2017-10-01T15:58:27+00:00 DEBUG Finished parsing products CSV.
2017-10-01T15:58:27+00:00 DEBUG ---
2017-10-01T15:58:27+00:00 DEBUG Processing orders.
2017-10-01T15:58:27+00:00 DEBUG ---
2017-10-01T15:58:27+00:00 DEBUG Processing orders.
2017-10-01T15:58:28+00:00 DEBUG > &#8220;Order &ndash; October 1, 2017 @ 12:00 AM&#8221;Order Imported Successfully.
2017-10-01T15:58:28+00:00 DEBUG > Finished importing order 1476
2017-10-01T15:58:28+00:00 DEBUG Finished processing orders.
2017-10-01T15:58:28+00:00 DEBUG ---
2017-10-01T15:58:28+00:00 DEBUG Processing orders.
2017-10-01T15:58:29+00:00 DEBUG > &#8220;Order &ndash; October 1, 2017 @ 12:00 AM&#8221;Order Imported Successfully.
2017-10-01T15:58:29+00:00 DEBUG > Finished importing order 1477
2017-10-01T15:58:29+00:00 DEBUG Finished processing orders.
2017-10-01T15:58:29+00:00 DEBUG ---
2017-10-01T15:58:29+00:00 DEBUG Processing orders.
2017-10-01T15:58:30+00:00 DEBUG > &#8220;Order &ndash; October 1, 2017 @ 12:00 AM&#8221;Order Imported Successfully.
2017-10-01T15:58:30+00:00 DEBUG > Finished importing order 1478
2017-10-01T15:58:30+00:00 DEBUG Finished processing orders.
2017-10-01T15:58:30+00:00 DEBUG ---
2017-10-01T15:58:30+00:00 DEBUG Processing orders.
2017-10-01T15:58:31+00:00 DEBUG > &#8220;Order &ndash; October 1, 2017 @ 12:00 AM&#8221;Order Imported Successfully.
2017-10-01T15:58:31+00:00 DEBUG > Finished importing order 1479
2017-10-01T15:58:31+00:00 DEBUG Finished processing orders.
2017-10-01T15:58:31+00:00 DEBUG ---
2017-10-01T15:58:31+00:00 DEBUG Processing orders.
2017-10-01T15:58:31+00:00 DEBUG > &#8220;Order &ndash; October 1, 2017 @ 12:00 AM&#8221;Order Imported Successfully.
2017-10-01T15:58:31+00:00 DEBUG > Finished importing order 1480
2017-10-01T15:58:31+00:00 DEBUG Finished processing orders.
2017-10-01T15:58:31+00:00 DEBUG ---
2017-10-01T15:58:31+00:00 DEBUG Processing orders.
2017-10-01T15:58:32+00:00 DEBUG > &#8220;Order &ndash; October 1, 2017 @ 12:00 AM&#8221;Order Imported Successfully.
2017-10-01T15:58:32+00:00 DEBUG > Finished importing order 1481
2017-10-01T15:58:32+00:00 DEBUG Finished processing orders.
2017-10-01T15:58:32+00:00 DEBUG ---
2017-10-01T15:58:32+00:00 DEBUG Processing orders.
2017-10-01T15:58:33+00:00 DEBUG > &#8220;Order &ndash; October 1, 2017 @ 12:00 AM&#8221;Order Imported Successfully.
2017-10-01T15:58:33+00:00 DEBUG > Finished importing order 1482
2017-10-01T15:58:33+00:00 DEBUG Finished processing orders.
2017-10-01T15:58:33+00:00 DEBUG ---
2017-10-01T15:58:33+00:00 DEBUG Processing orders.
2017-10-01T15:58:34+00:00 DEBUG > &#8220;Order &ndash; October 1, 2017 @ 12:00 AM&#8221;Order Imported Successfully.
2017-10-01T15:58:34+00:00 DEBUG > Finished importing order 1483
2017-10-01T15:58:34+00:00 DEBUG Finished processing orders.
2017-10-01T15:58:34+00:00 DEBUG ---
2017-10-01T15:58:34+00:00 DEBUG Processing orders.
2017-10-01T15:58:35+00:00 DEBUG > &#8220;Order &ndash; October 1, 2017 @ 12:00 AM&#8221;Order Imported Successfully.
2017-10-01T15:58:35+00:00 DEBUG > Finished importing order 1484
2017-10-01T15:58:35+00:00 DEBUG Finished processing orders.
2017-10-01T15:58:35+00:00 DEBUG ---
2017-10-01T15:58:35+00:00 DEBUG Processing orders.
2017-10-01T15:58:35+00:00 DEBUG > &#8220;Order &ndash; October 1, 2017 @ 12:00 AM&#8221;Order Imported Successfully.
2017-10-01T15:58:35+00:00 DEBUG > Finished importing order 1485
2017-10-01T15:58:35+00:00 DEBUG Finished processing orders.
2017-10-01T15:58:35+00:00 DEBUG Finished processing Orders.
2017-10-01T15:58:42+00:00 DEBUG ---[ New Import ] PHP Memory: 256 MB, WP Memory: 256 MB
2017-10-01T15:58:42+00:00 DEBUG Parsing products CSV.
2017-10-01T15:58:42+00:00 DEBUG Finished parsing products CSV.
2017-10-01T15:58:42+00:00 DEBUG ---
2017-10-01T15:58:42+00:00 DEBUG Processing orders.
2017-10-01T15:58:42+00:00 DEBUG ---
2017-10-01T15:58:42+00:00 DEBUG Processing orders.
2017-10-01T15:58:42+00:00 DEBUG > &#8220;Order &ndash; October 1, 2017 @ 12:00 AM&#8221;Order Imported Successfully.
2017-10-01T15:58:42+00:00 DEBUG > Finished importing order 1486
2017-10-01T15:58:42+00:00 DEBUG Finished processing orders.
2017-10-01T15:58:42+00:00 DEBUG ---
2017-10-01T15:58:42+00:00 DEBUG Processing orders.
2017-10-01T15:58:43+00:00 DEBUG > &#8220;Order &ndash; October 1, 2017 @ 12:00 AM&#8221;Order Imported Successfully.
2017-10-01T15:58:43+00:00 DEBUG > Finished importing order 1487
2017-10-01T15:58:43+00:00 DEBUG Finished processing orders.
2017-10-01T15:58:43+00:00 DEBUG ---
2017-10-01T15:58:43+00:00 DEBUG Processing orders.
2017-10-01T15:58:44+00:00 DEBUG > &#8220;Order &ndash; October 1, 2017 @ 12:00 AM&#8221;Order Imported Successfully.
2017-10-01T15:58:44+00:00 DEBUG > Finished importing order 1488
2017-10-01T15:58:44+00:00 DEBUG Finished processing orders.
2017-10-01T15:58:44+00:00 DEBUG ---
2017-10-01T15:58:44+00:00 DEBUG Processing orders.
2017-10-01T15:58:45+00:00 DEBUG > &#8220;Order &ndash; October 1, 2017 @ 12:00 AM&#8221;Order Imported Successfully.
2017-10-01T15:58:45+00:00 DEBUG > Finished importing order 1489
2017-10-01T15:58:45+00:00 DEBUG Finished processing orders.
2017-10-01T15:58:45+00:00 DEBUG ---
2017-10-01T15:58:45+00:00 DEBUG Processing orders.
2017-10-01T15:58:45+00:00 DEBUG > &#8220;Order &ndash; October 1, 2017 @ 12:00 AM&#8221;Order Imported Successfully.
2017-10-01T15:58:45+00:00 DEBUG > Finished importing order 1490
2017-10-01T15:58:45+00:00 DEBUG Finished processing orders.
2017-10-01T15:58:45+00:00 DEBUG ---
2017-10-01T15:58:45+00:00 DEBUG Processing orders.
2017-10-01T15:58:46+00:00 DEBUG > &#8220;Order &ndash; October 1, 2017 @ 12:00 AM&#8221;Order Imported Successfully.
2017-10-01T15:58:46+00:00 DEBUG > Finished importing order 1491
2017-10-01T15:58:46+00:00 DEBUG Finished processing orders.
2017-10-01T15:58:46+00:00 DEBUG ---
2017-10-01T15:58:46+00:00 DEBUG Processing orders.
2017-10-01T15:58:47+00:00 DEBUG > &#8220;Order &ndash; October 1, 2017 @ 12:00 AM&#8221;Order Imported Successfully.
2017-10-01T15:58:47+00:00 DEBUG > Finished importing order 1492
2017-10-01T15:58:47+00:00 DEBUG Finished processing orders.
2017-10-01T15:58:47+00:00 DEBUG ---
2017-10-01T15:58:47+00:00 DEBUG Processing orders.
2017-10-01T15:58:48+00:00 DEBUG > &#8220;Order &ndash; October 1, 2017 @ 12:00 AM&#8221;Order Imported Successfully.
2017-10-01T15:58:48+00:00 DEBUG > Finished importing order 1493
2017-10-01T15:58:48+00:00 DEBUG Finished processing orders.
2017-10-01T15:58:48+00:00 DEBUG ---
2017-10-01T15:58:48+00:00 DEBUG Processing orders.
2017-10-01T15:58:48+00:00 DEBUG > &#8220;Order &ndash; October 1, 2017 @ 12:00 AM&#8221;Order Imported Successfully.
2017-10-01T15:58:48+00:00 DEBUG > Finished importing order 1494
2017-10-01T15:58:48+00:00 DEBUG Finished processing orders.
2017-10-01T15:58:48+00:00 DEBUG ---
2017-10-01T15:58:48+00:00 DEBUG Processing orders.
2017-10-01T15:58:49+00:00 DEBUG > &#8220;Order &ndash; October 1, 2017 @ 12:00 AM&#8221;Order Imported Successfully.
2017-10-01T15:58:49+00:00 DEBUG > Finished importing order 1495
2017-10-01T15:58:49+00:00 DEBUG Finished processing orders.
2017-10-01T15:58:49+00:00 DEBUG Finished processing Orders.
2017-10-01T15:58:51+00:00 DEBUG ---[ New Import ] PHP Memory: 256 MB, WP Memory: 256 MB
2017-10-01T15:58:51+00:00 DEBUG Parsing products CSV.
2017-10-01T15:58:51+00:00 DEBUG Finished parsing products CSV.
2017-10-01T15:58:51+00:00 DEBUG ---
2017-10-01T15:58:51+00:00 DEBUG Processing orders.
2017-10-01T15:58:51+00:00 DEBUG ---
2017-10-01T15:58:51+00:00 DEBUG Processing orders.
2017-10-01T15:58:51+00:00 DEBUG > &#8220;Order &ndash; October 1, 2017 @ 12:00 AM&#8221;Order Imported Successfully.
2017-10-01T15:58:51+00:00 DEBUG > Finished importing order 1496
2017-10-01T15:58:51+00:00 DEBUG Finished processing orders.
2017-10-01T15:58:52+00:00 DEBUG ---
2017-10-01T15:58:52+00:00 DEBUG Processing orders.
2017-10-01T15:58:52+00:00 DEBUG > &#8220;Order &ndash; October 1, 2017 @ 12:00 AM&#8221;Order Imported Successfully.
2017-10-01T15:58:52+00:00 DEBUG > Finished importing order 1497
2017-10-01T15:58:52+00:00 DEBUG Finished processing orders.
2017-10-01T15:58:52+00:00 DEBUG ---
2017-10-01T15:58:52+00:00 DEBUG Processing orders.
2017-10-01T15:58:53+00:00 DEBUG > &#8220;Order &ndash; October 1, 2017 @ 12:00 AM&#8221;Order Imported Successfully.
2017-10-01T15:58:53+00:00 DEBUG > Finished importing order 1498
2017-10-01T15:58:53+00:00 DEBUG Finished processing orders.
2017-10-01T15:58:53+00:00 DEBUG ---
2017-10-01T15:58:53+00:00 DEBUG Processing orders.
2017-10-01T15:58:54+00:00 DEBUG > &#8220;Order &ndash; October 1, 2017 @ 03:58 PM&#8221;Order Imported Successfully.
2017-10-01T15:58:54+00:00 DEBUG > Finished importing order 1499
2017-10-01T15:58:54+00:00 DEBUG Finished processing orders.
2017-10-01T15:58:54+00:00 DEBUG Finished processing Orders.
